{"/opt/source/src/modules/app/exceptions/exceptions.ts": {"path":"/opt/source/src/modules/app/exceptions/exceptions.ts","all":false,"statementMap":{"0":{"start":{"line":1,"column":0},"end":{"line":1,"column":44}},"1":{"start":{"line":2,"column":0},"end":{"line":2,"column":46}},"10":{"start":{"line":11,"column":0},"end":{"line":11,"column":27}},"11":{"start":{"line":12,"column":0},"end":{"line":12,"column":26}},"12":{"start":{"line":13,"column":0},"end":{"line":13,"column":24}},"13":{"start":{"line":14,"column":0},"end":{"line":14,"column":26}},"14":{"start":{"line":15,"column":0},"end":{"line":15,"column":32}},"15":{"start":{"line":16,"column":0},"end":{"line":16,"column":30}},"16":{"start":{"line":17,"column":0},"end":{"line":17,"column":30}},"17":{"start":{"line":18,"column":0},"end":{"line":18,"column":34}},"20":{"start":{"line":21,"column":0},"end":{"line":21,"column":74}},"21":{"start":{"line":22,"column":0},"end":{"line":22,"column":13}},"22":{"start":{"line":23,"column":0},"end":{"line":23,"column":49}},"23":{"start":{"line":24,"column":0},"end":{"line":24,"column":42}},"24":{"start":{"line":25,"column":0},"end":{"line":25,"column":42}},"25":{"start":{"line":26,"column":0},"end":{"line":26,"column":4}},"26":{"start":{"line":27,"column":0},"end":{"line":27,"column":14}},"27":{"start":{"line":28,"column":0},"end":{"line":28,"column":37}},"28":{"start":{"line":29,"column":0},"end":{"line":29,"column":43}},"29":{"start":{"line":30,"column":0},"end":{"line":30,"column":26}},"30":{"start":{"line":31,"column":0},"end":{"line":31,"column":4}},"31":{"start":{"line":32,"column":0},"end":{"line":32,"column":17}},"32":{"start":{"line":33,"column":0},"end":{"line":33,"column":40}},"33":{"start":{"line":34,"column":0},"end":{"line":34,"column":46}},"34":{"start":{"line":35,"column":0},"end":{"line":35,"column":29}},"35":{"start":{"line":36,"column":0},"end":{"line":36,"column":4}},"36":{"start":{"line":37,"column":0},"end":{"line":37,"column":14}},"37":{"start":{"line":38,"column":0},"end":{"line":38,"column":37}},"38":{"start":{"line":39,"column":0},"end":{"line":39,"column":43}},"39":{"start":{"line":40,"column":0},"end":{"line":40,"column":35}},"40":{"start":{"line":41,"column":0},"end":{"line":41,"column":4}},"41":{"start":{"line":42,"column":0},"end":{"line":42,"column":16}},"42":{"start":{"line":43,"column":0},"end":{"line":43,"column":40}},"43":{"start":{"line":44,"column":0},"end":{"line":44,"column":45}},"44":{"start":{"line":45,"column":0},"end":{"line":45,"column":28}},"45":{"start":{"line":46,"column":0},"end":{"line":46,"column":4}},"46":{"start":{"line":47,"column":0},"end":{"line":47,"column":16}},"47":{"start":{"line":48,"column":0},"end":{"line":48,"column":37}},"48":{"start":{"line":49,"column":0},"end":{"line":49,"column":45}},"49":{"start":{"line":50,"column":0},"end":{"line":50,"column":28}},"50":{"start":{"line":51,"column":0},"end":{"line":51,"column":4}},"51":{"start":{"line":52,"column":0},"end":{"line":52,"column":18}},"52":{"start":{"line":53,"column":0},"end":{"line":53,"column":39}},"53":{"start":{"line":54,"column":0},"end":{"line":54,"column":47}},"54":{"start":{"line":55,"column":0},"end":{"line":55,"column":30}},"55":{"start":{"line":56,"column":0},"end":{"line":56,"column":4}},"56":{"start":{"line":57,"column":0},"end":{"line":57,"column":2}},"58":{"start":{"line":59,"column":0},"end":{"line":59,"column":37}},"59":{"start":{"line":60,"column":0},"end":{"line":60,"column":20}},"60":{"start":{"line":61,"column":0},"end":{"line":61,"column":31}},"61":{"start":{"line":62,"column":0},"end":{"line":62,"column":18}},"62":{"start":{"line":63,"column":0},"end":{"line":63,"column":25}},"64":{"start":{"line":65,"column":0},"end":{"line":65,"column":36}},"65":{"start":{"line":66,"column":0},"end":{"line":66,"column":40}},"67":{"start":{"line":68,"column":0},"end":{"line":68,"column":44}},"68":{"start":{"line":69,"column":0},"end":{"line":69,"column":32}},"69":{"start":{"line":70,"column":0},"end":{"line":70,"column":38}},"70":{"start":{"line":71,"column":0},"end":{"line":71,"column":46}},"71":{"start":{"line":72,"column":0},"end":{"line":72,"column":3}},"72":{"start":{"line":73,"column":0},"end":{"line":73,"column":1}},"74":{"start":{"line":75,"column":0},"end":{"line":75,"column":68}},"75":{"start":{"line":76,"column":0},"end":{"line":76,"column":47}},"76":{"start":{"line":77,"column":0},"end":{"line":77,"column":18}},"77":{"start":{"line":78,"column":0},"end":{"line":78,"column":46}},"78":{"start":{"line":79,"column":0},"end":{"line":79,"column":26}},"79":{"start":{"line":80,"column":0},"end":{"line":80,"column":32}},"80":{"start":{"line":81,"column":0},"end":{"line":81,"column":29}},"81":{"start":{"line":82,"column":0},"end":{"line":82,"column":6}},"82":{"start":{"line":83,"column":0},"end":{"line":83,"column":41}},"84":{"start":{"line":85,"column":0},"end":{"line":85,"column":18}},"85":{"start":{"line":86,"column":0},"end":{"line":86,"column":59}},"86":{"start":{"line":87,"column":0},"end":{"line":87,"column":63}},"87":{"start":{"line":88,"column":0},"end":{"line":88,"column":25}},"88":{"start":{"line":89,"column":0},"end":{"line":89,"column":6}},"89":{"start":{"line":90,"column":0},"end":{"line":90,"column":28}},"91":{"start":{"line":92,"column":0},"end":{"line":92,"column":18}},"92":{"start":{"line":93,"column":0},"end":{"line":93,"column":50}},"93":{"start":{"line":94,"column":0},"end":{"line":94,"column":70}},"94":{"start":{"line":95,"column":0},"end":{"line":95,"column":22}},"95":{"start":{"line":96,"column":0},"end":{"line":96,"column":22}},"96":{"start":{"line":97,"column":0},"end":{"line":97,"column":6}},"97":{"start":{"line":98,"column":0},"end":{"line":98,"column":35}},"99":{"start":{"line":100,"column":0},"end":{"line":100,"column":18}},"100":{"start":{"line":101,"column":0},"end":{"line":101,"column":40}},"101":{"start":{"line":102,"column":0},"end":{"line":102,"column":39}},"102":{"start":{"line":103,"column":0},"end":{"line":103,"column":25}},"103":{"start":{"line":104,"column":0},"end":{"line":104,"column":6}},"104":{"start":{"line":105,"column":0},"end":{"line":105,"column":30}},"106":{"start":{"line":107,"column":0},"end":{"line":107,"column":19}},"107":{"start":{"line":108,"column":0},"end":{"line":108,"column":27}},"108":{"start":{"line":109,"column":0},"end":{"line":109,"column":5}},"109":{"start":{"line":110,"column":0},"end":{"line":110,"column":3}},"112":{"start":{"line":113,"column":0},"end":{"line":113,"column":19}},"113":{"start":{"line":114,"column":0},"end":{"line":114,"column":17}},"114":{"start":{"line":115,"column":0},"end":{"line":115,"column":17}},"115":{"start":{"line":116,"column":0},"end":{"line":116,"column":66}},"116":{"start":{"line":117,"column":0},"end":{"line":117,"column":30}},"118":{"start":{"line":119,"column":0},"end":{"line":119,"column":50}},"119":{"start":{"line":120,"column":0},"end":{"line":120,"column":21}},"120":{"start":{"line":121,"column":0},"end":{"line":121,"column":5}},"122":{"start":{"line":123,"column":0},"end":{"line":123,"column":25}},"123":{"start":{"line":124,"column":0},"end":{"line":124,"column":1}},"126":{"start":{"line":127,"column":0},"end":{"line":127,"column":65}},"127":{"start":{"line":128,"column":0},"end":{"line":128,"column":18}},"128":{"start":{"line":129,"column":0},"end":{"line":129,"column":43}},"129":{"start":{"line":130,"column":0},"end":{"line":130,"column":15}},"130":{"start":{"line":131,"column":0},"end":{"line":131,"column":4}},"131":{"start":{"line":132,"column":0},"end":{"line":132,"column":70}},"132":{"start":{"line":133,"column":0},"end":{"line":133,"column":2}},"134":{"start":{"line":135,"column":0},"end":{"line":135,"column":58}},"136":{"start":{"line":137,"column":0},"end":{"line":137,"column":57}},"137":{"start":{"line":138,"column":0},"end":{"line":138,"column":56}},"138":{"start":{"line":139,"column":0},"end":{"line":139,"column":64}},"139":{"start":{"line":140,"column":0},"end":{"line":140,"column":58}},"140":{"start":{"line":141,"column":0},"end":{"line":141,"column":61}},"141":{"start":{"line":142,"column":0},"end":{"line":142,"column":61}},"142":{"start":{"line":143,"column":0},"end":{"line":143,"column":65}}},"s":{"0":1,"1":1,"10":1,"11":1,"12":1,"13":1,"14":1,"15":1,"16":1,"17":1,"20":1,"21":1,"22":1,"23":1,"24":1,"25":1,"26":1,"27":1,"28":1,"29":1,"30":1,"31":1,"32":1,"33":1,"34":1,"35":1,"36":1,"37":1,"38":1,"39":1,"40":1,"41":1,"42":1,"43":1,"44":1,"45":1,"46":1,"47":1,"48":1,"49":1,"50":1,"51":1,"52":1,"53":1,"54":1,"55":1,"56":1,"58":1,"59":3,"60":3,"61":3,"62":3,"64":3,"65":3,"67":3,"68":3,"69":3,"70":3,"71":3,"72":3,"74":1,"75":7,"76":7,"77":7,"78":7,"79":7,"80":7,"81":7,"82":7,"84":7,"85":7,"86":7,"87":7,"88":7,"89":7,"91":7,"92":7,"93":7,"94":7,"95":7,"96":7,"97":7,"99":7,"100":7,"101":7,"102":7,"103":7,"104":7,"106":7,"107":3,"108":3,"109":7,"112":7,"113":7,"114":7,"115":7,"116":7,"118":7,"119":7,"120":7,"122":7,"123":7,"126":1,"127":1,"128":7,"129":7,"130":7,"131":1,"132":1,"134":1,"136":1,"137":1,"138":1,"139":1,"140":1,"141":1,"142":1},"branchMap":{"0":{"type":"branch","line":11,"loc":{"start":{"line":11,"column":7},"end":{"line":11,"column":27}},"locations":[{"start":{"line":11,"column":7},"end":{"line":11,"column":27}}]},"1":{"type":"branch","line":59,"loc":{"start":{"line":59,"column":36},"end":{"line":73,"column":1}},"locations":[{"start":{"line":59,"column":36},"end":{"line":73,"column":1}}]},"2":{"type":"branch","line":65,"loc":{"start":{"line":65,"column":2},"end":{"line":72,"column":3}},"locations":[{"start":{"line":65,"column":2},"end":{"line":72,"column":3}}]},"3":{"type":"branch","line":75,"loc":{"start":{"line":75,"column":7},"end":{"line":124,"column":1}},"locations":[{"start":{"line":75,"column":7},"end":{"line":124,"column":1}}]},"4":{"type":"branch","line":107,"loc":{"start":{"line":107,"column":4},"end":{"line":109,"column":5}},"locations":[{"start":{"line":107,"column":4},"end":{"line":109,"column":5}}]},"5":{"type":"branch","line":116,"loc":{"start":{"line":116,"column":11},"end":{"line":116,"column":65}},"locations":[{"start":{"line":116,"column":11},"end":{"line":116,"column":65}}]},"6":{"type":"branch","line":128,"loc":{"start":{"line":128,"column":2},"end":{"line":131,"column":4}},"locations":[{"start":{"line":128,"column":2},"end":{"line":131,"column":4}}]}},"b":{"0":[1],"1":[3],"2":[3],"3":[7],"4":[3],"5":[11],"6":[7]},"fnMap":{"0":{"name":"<instance_members_initializer>","decl":{"start":{"line":59,"column":36},"end":{"line":73,"column":1}},"loc":{"start":{"line":59,"column":36},"end":{"line":73,"column":1}},"line":59},"1":{"name":"BaseException","decl":{"start":{"line":65,"column":2},"end":{"line":72,"column":3}},"loc":{"start":{"line":65,"column":2},"end":{"line":72,"column":3}},"line":65},"2":{"name":"createExceptionClass","decl":{"start":{"line":75,"column":7},"end":{"line":124,"column":1}},"loc":{"start":{"line":75,"column":7},"end":{"line":124,"column":1}},"line":75},"3":{"name":"CustomException","decl":{"start":{"line":107,"column":4},"end":{"line":109,"column":5}},"loc":{"start":{"line":107,"column":4},"end":{"line":109,"column":5}},"line":107},"4":{"name":"type","decl":{"start":{"line":88,"column":12},"end":{"line":88,"column":25}},"loc":{"start":{"line":88,"column":12},"end":{"line":88,"column":25}},"line":88},"5":{"name":"type","decl":{"start":{"line":103,"column":12},"end":{"line":103,"column":25}},"loc":{"start":{"line":103,"column":12},"end":{"line":103,"column":25}},"line":103}},"f":{"0":3,"1":3,"2":7,"3":3,"4":0,"5":0}}
,"/opt/source/src/modules/auth/decorators/require-roles.decorator.ts": {"path":"/opt/source/src/modules/auth/decorators/require-roles.decorator.ts","all":false,"statementMap":{"0":{"start":{"line":1,"column":0},"end":{"line":1,"column":62}},"3":{"start":{"line":4,"column":0},"end":{"line":4,"column":33}},"10":{"start":{"line":11,"column":0},"end":{"line":11,"column":29}},"11":{"start":{"line":12,"column":0},"end":{"line":12,"column":27}},"12":{"start":{"line":13,"column":0},"end":{"line":13,"column":31}},"13":{"start":{"line":14,"column":0},"end":{"line":14,"column":53}},"14":{"start":{"line":15,"column":0},"end":{"line":15,"column":20}},"15":{"start":{"line":16,"column":0},"end":{"line":16,"column":77}},"16":{"start":{"line":17,"column":0},"end":{"line":17,"column":6}},"17":{"start":{"line":18,"column":0},"end":{"line":18,"column":3}},"19":{"start":{"line":20,"column":0},"end":{"line":20,"column":47}},"20":{"start":{"line":21,"column":0},"end":{"line":21,"column":2}}},"s":{"0":1,"3":1,"10":1,"11":0,"12":0,"13":0,"14":0,"15":0,"16":0,"17":0,"19":0,"20":0},"branchMap":{},"b":{},"fnMap":{"0":{"name":"RequireRoles","decl":{"start":{"line":11,"column":28},"end":{"line":21,"column":2}},"loc":{"start":{"line":11,"column":28},"end":{"line":21,"column":2}},"line":11}},"f":{"0":0}}
,"/opt/source/src/modules/auth/guards/jwt.guard.ts": {"path":"/opt/source/src/modules/auth/guards/jwt.guard.ts","all":false,"statementMap":{"0":{"start":{"line":1,"column":0},"end":{"line":1,"column":8}},"7":{"start":{"line":8,"column":0},"end":{"line":8,"column":41}},"8":{"start":{"line":9,"column":0},"end":{"line":9,"column":8}},"13":{"start":{"line":14,"column":0},"end":{"line":14,"column":69}},"20":{"start":{"line":21,"column":0},"end":{"line":21,"column":13}},"21":{"start":{"line":22,"column":0},"end":{"line":22,"column":46}},"22":{"start":{"line":23,"column":0},"end":{"line":23,"column":45}},"24":{"start":{"line":25,"column":0},"end":{"line":25,"column":65}},"26":{"start":{"line":27,"column":0},"end":{"line":27,"column":66}},"28":{"start":{"line":29,"column":0},"end":{"line":29,"column":71}},"29":{"start":{"line":30,"column":0},"end":{"line":30,"column":16}},"30":{"start":{"line":31,"column":0},"end":{"line":31,"column":48}},"31":{"start":{"line":32,"column":0},"end":{"line":32,"column":6}},"34":{"start":{"line":35,"column":0},"end":{"line":35,"column":55}},"35":{"start":{"line":36,"column":0},"end":{"line":36,"column":18}},"36":{"start":{"line":37,"column":0},"end":{"line":37,"column":5}},"38":{"start":{"line":39,"column":0},"end":{"line":39,"column":30}},"39":{"start":{"line":40,"column":0},"end":{"line":40,"column":21}},"40":{"start":{"line":41,"column":0},"end":{"line":41,"column":57}},"44":{"start":{"line":45,"column":0},"end":{"line":45,"column":22}},"46":{"start":{"line":47,"column":0},"end":{"line":47,"column":43}},"47":{"start":{"line":48,"column":0},"end":{"line":48,"column":40}},"48":{"start":{"line":49,"column":0},"end":{"line":49,"column":5}},"50":{"start":{"line":51,"column":0},"end":{"line":51,"column":28}},"51":{"start":{"line":52,"column":0},"end":{"line":52,"column":52}},"52":{"start":{"line":53,"column":0},"end":{"line":53,"column":40}},"53":{"start":{"line":54,"column":0},"end":{"line":54,"column":5}},"56":{"start":{"line":57,"column":0},"end":{"line":57,"column":74}},"57":{"start":{"line":58,"column":0},"end":{"line":58,"column":24}},"58":{"start":{"line":59,"column":0},"end":{"line":59,"column":94}},"59":{"start":{"line":60,"column":0},"end":{"line":60,"column":8}},"60":{"start":{"line":61,"column":0},"end":{"line":61,"column":37}},"61":{"start":{"line":62,"column":0},"end":{"line":62,"column":5}},"64":{"start":{"line":65,"column":0},"end":{"line":65,"column":16}},"65":{"start":{"line":66,"column":0},"end":{"line":66,"column":3}},"66":{"start":{"line":67,"column":0},"end":{"line":67,"column":1}}},"s":{"0":1,"7":1,"8":1,"13":1,"20":1,"21":1,"22":6,"24":6,"26":6,"28":7,"29":7,"30":7,"31":7,"34":7,"35":2,"36":2,"38":5,"39":5,"40":5,"44":7,"46":1,"47":1,"48":1,"50":7,"51":1,"52":1,"53":1,"56":7,"57":1,"58":1,"59":1,"60":1,"61":1,"64":2,"65":7,"66":6},"branchMap":{"0":{"type":"branch","line":22,"loc":{"start":{"line":22,"column":45},"end":{"line":67,"column":1}},"locations":[{"start":{"line":22,"column":45},"end":{"line":67,"column":1}}]},"1":{"type":"branch","line":25,"loc":{"start":{"line":25,"column":2},"end":{"line":25,"column":65}},"locations":[{"start":{"line":25,"column":2},"end":{"line":25,"column":65}}]},"2":{"type":"branch","line":27,"loc":{"start":{"line":27,"column":2},"end":{"line":66,"column":3}},"locations":[{"start":{"line":27,"column":2},"end":{"line":66,"column":3}}]},"3":{"type":"branch","line":35,"loc":{"start":{"line":35,"column":9},"end":{"line":35,"column":54}},"locations":[{"start":{"line":35,"column":9},"end":{"line":35,"column":54}}]},"4":{"type":"branch","line":35,"loc":{"start":{"line":35,"column":54},"end":{"line":37,"column":5}},"locations":[{"start":{"line":35,"column":54},"end":{"line":37,"column":5}}]},"5":{"type":"branch","line":37,"loc":{"start":{"line":37,"column":4},"end":{"line":45,"column":21}},"locations":[{"start":{"line":37,"column":4},"end":{"line":45,"column":21}}]},"6":{"type":"branch","line":45,"loc":{"start":{"line":45,"column":21},"end":{"line":49,"column":5}},"locations":[{"start":{"line":45,"column":21},"end":{"line":49,"column":5}}]},"7":{"type":"branch","line":49,"loc":{"start":{"line":49,"column":4},"end":{"line":51,"column":27}},"locations":[{"start":{"line":49,"column":4},"end":{"line":51,"column":27}}]},"8":{"type":"branch","line":51,"loc":{"start":{"line":51,"column":27},"end":{"line":54,"column":5}},"locations":[{"start":{"line":51,"column":27},"end":{"line":54,"column":5}}]},"9":{"type":"branch","line":54,"loc":{"start":{"line":54,"column":4},"end":{"line":57,"column":73}},"locations":[{"start":{"line":54,"column":4},"end":{"line":57,"column":73}}]},"10":{"type":"branch","line":57,"loc":{"start":{"line":57,"column":73},"end":{"line":62,"column":5}},"locations":[{"start":{"line":57,"column":73},"end":{"line":62,"column":5}}]},"11":{"type":"branch","line":62,"loc":{"start":{"line":62,"column":4},"end":{"line":65,"column":16}},"locations":[{"start":{"line":62,"column":4},"end":{"line":65,"column":16}}]},"12":{"type":"branch","line":57,"loc":{"start":{"line":57,"column":29},"end":{"line":57,"column":70}},"locations":[{"start":{"line":57,"column":29},"end":{"line":57,"column":70}}]}},"b":{"0":[6],"1":[6],"2":[7],"3":[6],"4":[2],"5":[5],"6":[1],"7":[4],"8":[1],"9":[3],"10":[1],"11":[2],"12":[4]},"fnMap":{"0":{"name":"<instance_members_initializer>","decl":{"start":{"line":22,"column":45},"end":{"line":67,"column":1}},"loc":{"start":{"line":22,"column":45},"end":{"line":67,"column":1}},"line":22},"1":{"name":"JwtGuard","decl":{"start":{"line":25,"column":2},"end":{"line":25,"column":65}},"loc":{"start":{"line":25,"column":2},"end":{"line":25,"column":65}},"line":25},"2":{"name":"canActivate","decl":{"start":{"line":27,"column":2},"end":{"line":66,"column":3}},"loc":{"start":{"line":27,"column":2},"end":{"line":66,"column":3}},"line":27}},"f":{"0":6,"1":6,"2":7}}
,"/opt/source/src/modules/orm/schema/enums/user-role.ts": {"path":"/opt/source/src/modules/orm/schema/enums/user-role.ts","all":false,"statementMap":{"0":{"start":{"line":1,"column":0},"end":{"line":1,"column":22}},"1":{"start":{"line":2,"column":0},"end":{"line":2,"column":18}},"2":{"start":{"line":3,"column":0},"end":{"line":3,"column":16}}},"s":{"0":1,"1":1,"2":1},"branchMap":{"0":{"type":"branch","line":1,"loc":{"start":{"line":1,"column":7},"end":{"line":1,"column":22}},"locations":[{"start":{"line":1,"column":7},"end":{"line":1,"column":22}}]}},"b":{"0":[1]},"fnMap":{},"f":{}}
}
