{"/opt/source/src/modules/app/controllers/app.controller.ts": {"path":"/opt/source/src/modules/app/controllers/app.controller.ts","all":false,"statementMap":{"0":{"start":{"line":1,"column":0},"end":{"line":1,"column":49}},"1":{"start":{"line":2,"column":0},"end":{"line":2,"column":47}},"2":{"start":{"line":3,"column":0},"end":{"line":3,"column":80}},"3":{"start":{"line":4,"column":0},"end":{"line":4,"column":132}},"5":{"start":{"line":6,"column":0},"end":{"line":6,"column":23}},"6":{"start":{"line":7,"column":0},"end":{"line":7,"column":43}},"7":{"start":{"line":8,"column":0},"end":{"line":8,"column":15}},"8":{"start":{"line":9,"column":0},"end":{"line":9,"column":28}},"9":{"start":{"line":10,"column":0},"end":{"line":10,"column":17}},"10":{"start":{"line":11,"column":0},"end":{"line":11,"column":40}},"11":{"start":{"line":12,"column":0},"end":{"line":12,"column":16}},"12":{"start":{"line":13,"column":0},"end":{"line":13,"column":103}},"13":{"start":{"line":14,"column":0},"end":{"line":14,"column":4}},"14":{"start":{"line":15,"column":0},"end":{"line":15,"column":21}},"15":{"start":{"line":16,"column":0},"end":{"line":16,"column":20}},"16":{"start":{"line":17,"column":0},"end":{"line":17,"column":12}},"17":{"start":{"line":18,"column":0},"end":{"line":18,"column":19}},"18":{"start":{"line":19,"column":0},"end":{"line":19,"column":6}},"19":{"start":{"line":20,"column":0},"end":{"line":20,"column":3}},"20":{"start":{"line":21,"column":0},"end":{"line":21,"column":1}}},"s":{"0":1,"1":1,"2":1,"3":1,"5":1,"6":1,"7":1,"8":1,"9":1,"10":1,"11":1,"12":1,"13":1,"14":1,"15":1,"16":1,"17":1,"18":1,"19":1,"20":1},"branchMap":{"0":{"type":"branch","line":16,"loc":{"start":{"line":16,"column":2},"end":{"line":20,"column":3}},"locations":[{"start":{"line":16,"column":2},"end":{"line":20,"column":3}}]}},"b":{"0":[1]},"fnMap":{"0":{"name":"getHealthcheck","decl":{"start":{"line":16,"column":2},"end":{"line":20,"column":3}},"loc":{"start":{"line":16,"column":2},"end":{"line":20,"column":3}},"line":16}},"f":{"0":1}}
,"/opt/source/src/modules/app/decorators/api-tags-type-safe.decorator.ts": {"path":"/opt/source/src/modules/app/decorators/api-tags-type-safe.decorator.ts","all":false,"statementMap":{"0":{"start":{"line":1,"column":0},"end":{"line":1,"column":49}},"1":{"start":{"line":2,"column":0},"end":{"line":2,"column":42}},"7":{"start":{"line":8,"column":0},"end":{"line":8,"column":94}},"8":{"start":{"line":9,"column":0},"end":{"line":9,"column":43}},"9":{"start":{"line":10,"column":0},"end":{"line":10,"column":1}}},"s":{"0":1,"1":1,"7":1,"8":3,"9":3},"branchMap":{"0":{"type":"branch","line":8,"loc":{"start":{"line":8,"column":7},"end":{"line":10,"column":1}},"locations":[{"start":{"line":8,"column":7},"end":{"line":10,"column":1}}]}},"b":{"0":[3]},"fnMap":{"0":{"name":"ApiTagsTypeSafe","decl":{"start":{"line":8,"column":7},"end":{"line":10,"column":1}},"loc":{"start":{"line":8,"column":7},"end":{"line":10,"column":1}},"line":8}},"f":{"0":3}}
,"/opt/source/src/modules/app/decorators/apply-api-internal-service-exception-response.decorator.ts": {"path":"/opt/source/src/modules/app/decorators/apply-api-internal-service-exception-response.decorator.ts","all":false,"statementMap":{"0":{"start":{"line":1,"column":0},"end":{"line":1,"column":49}},"1":{"start":{"line":2,"column":0},"end":{"line":2,"column":65}},"2":{"start":{"line":3,"column":0},"end":{"line":3,"column":71}},"4":{"start":{"line":5,"column":0},"end":{"line":5,"column":60}},"5":{"start":{"line":6,"column":0},"end":{"line":6,"column":25}},"6":{"start":{"line":7,"column":0},"end":{"line":7,"column":36}},"7":{"start":{"line":8,"column":0},"end":{"line":8,"column":30}},"8":{"start":{"line":9,"column":0},"end":{"line":9,"column":7}},"9":{"start":{"line":10,"column":0},"end":{"line":10,"column":4}},"10":{"start":{"line":11,"column":0},"end":{"line":11,"column":1}}},"s":{"0":1,"1":1,"2":1,"4":1,"5":3,"6":3,"7":3,"8":3,"9":3,"10":3},"branchMap":{"0":{"type":"branch","line":5,"loc":{"start":{"line":5,"column":7},"end":{"line":11,"column":1}},"locations":[{"start":{"line":5,"column":7},"end":{"line":11,"column":1}}]}},"b":{"0":[3]},"fnMap":{"0":{"name":"ApplyApiInternalServiceExceptionResponse","decl":{"start":{"line":5,"column":7},"end":{"line":11,"column":1}},"loc":{"start":{"line":5,"column":7},"end":{"line":11,"column":1}},"line":5}},"f":{"0":3}}
,"/opt/source/src/modules/app/exceptions/exceptions.ts": {"path":"/opt/source/src/modules/app/exceptions/exceptions.ts","all":false,"statementMap":{"0":{"start":{"line":1,"column":0},"end":{"line":1,"column":44}},"1":{"start":{"line":2,"column":0},"end":{"line":2,"column":46}},"10":{"start":{"line":11,"column":0},"end":{"line":11,"column":27}},"11":{"start":{"line":12,"column":0},"end":{"line":12,"column":26}},"12":{"start":{"line":13,"column":0},"end":{"line":13,"column":24}},"13":{"start":{"line":14,"column":0},"end":{"line":14,"column":26}},"14":{"start":{"line":15,"column":0},"end":{"line":15,"column":32}},"15":{"start":{"line":16,"column":0},"end":{"line":16,"column":30}},"16":{"start":{"line":17,"column":0},"end":{"line":17,"column":30}},"17":{"start":{"line":18,"column":0},"end":{"line":18,"column":34}},"20":{"start":{"line":21,"column":0},"end":{"line":21,"column":74}},"21":{"start":{"line":22,"column":0},"end":{"line":22,"column":13}},"22":{"start":{"line":23,"column":0},"end":{"line":23,"column":49}},"23":{"start":{"line":24,"column":0},"end":{"line":24,"column":42}},"24":{"start":{"line":25,"column":0},"end":{"line":25,"column":42}},"25":{"start":{"line":26,"column":0},"end":{"line":26,"column":4}},"26":{"start":{"line":27,"column":0},"end":{"line":27,"column":14}},"27":{"start":{"line":28,"column":0},"end":{"line":28,"column":37}},"28":{"start":{"line":29,"column":0},"end":{"line":29,"column":43}},"29":{"start":{"line":30,"column":0},"end":{"line":30,"column":26}},"30":{"start":{"line":31,"column":0},"end":{"line":31,"column":4}},"31":{"start":{"line":32,"column":0},"end":{"line":32,"column":17}},"32":{"start":{"line":33,"column":0},"end":{"line":33,"column":40}},"33":{"start":{"line":34,"column":0},"end":{"line":34,"column":46}},"34":{"start":{"line":35,"column":0},"end":{"line":35,"column":29}},"35":{"start":{"line":36,"column":0},"end":{"line":36,"column":4}},"36":{"start":{"line":37,"column":0},"end":{"line":37,"column":14}},"37":{"start":{"line":38,"column":0},"end":{"line":38,"column":37}},"38":{"start":{"line":39,"column":0},"end":{"line":39,"column":43}},"39":{"start":{"line":40,"column":0},"end":{"line":40,"column":35}},"40":{"start":{"line":41,"column":0},"end":{"line":41,"column":4}},"41":{"start":{"line":42,"column":0},"end":{"line":42,"column":16}},"42":{"start":{"line":43,"column":0},"end":{"line":43,"column":40}},"43":{"start":{"line":44,"column":0},"end":{"line":44,"column":45}},"44":{"start":{"line":45,"column":0},"end":{"line":45,"column":28}},"45":{"start":{"line":46,"column":0},"end":{"line":46,"column":4}},"46":{"start":{"line":47,"column":0},"end":{"line":47,"column":16}},"47":{"start":{"line":48,"column":0},"end":{"line":48,"column":37}},"48":{"start":{"line":49,"column":0},"end":{"line":49,"column":45}},"49":{"start":{"line":50,"column":0},"end":{"line":50,"column":28}},"50":{"start":{"line":51,"column":0},"end":{"line":51,"column":4}},"51":{"start":{"line":52,"column":0},"end":{"line":52,"column":18}},"52":{"start":{"line":53,"column":0},"end":{"line":53,"column":39}},"53":{"start":{"line":54,"column":0},"end":{"line":54,"column":47}},"54":{"start":{"line":55,"column":0},"end":{"line":55,"column":30}},"55":{"start":{"line":56,"column":0},"end":{"line":56,"column":4}},"56":{"start":{"line":57,"column":0},"end":{"line":57,"column":2}},"58":{"start":{"line":59,"column":0},"end":{"line":59,"column":37}},"59":{"start":{"line":60,"column":0},"end":{"line":60,"column":20}},"60":{"start":{"line":61,"column":0},"end":{"line":61,"column":31}},"61":{"start":{"line":62,"column":0},"end":{"line":62,"column":18}},"62":{"start":{"line":63,"column":0},"end":{"line":63,"column":25}},"64":{"start":{"line":65,"column":0},"end":{"line":65,"column":36}},"65":{"start":{"line":66,"column":0},"end":{"line":66,"column":40}},"67":{"start":{"line":68,"column":0},"end":{"line":68,"column":44}},"68":{"start":{"line":69,"column":0},"end":{"line":69,"column":32}},"69":{"start":{"line":70,"column":0},"end":{"line":70,"column":38}},"70":{"start":{"line":71,"column":0},"end":{"line":71,"column":46}},"71":{"start":{"line":72,"column":0},"end":{"line":72,"column":3}},"72":{"start":{"line":73,"column":0},"end":{"line":73,"column":1}},"74":{"start":{"line":75,"column":0},"end":{"line":75,"column":68}},"75":{"start":{"line":76,"column":0},"end":{"line":76,"column":47}},"76":{"start":{"line":77,"column":0},"end":{"line":77,"column":18}},"77":{"start":{"line":78,"column":0},"end":{"line":78,"column":46}},"78":{"start":{"line":79,"column":0},"end":{"line":79,"column":26}},"79":{"start":{"line":80,"column":0},"end":{"line":80,"column":32}},"80":{"start":{"line":81,"column":0},"end":{"line":81,"column":29}},"81":{"start":{"line":82,"column":0},"end":{"line":82,"column":6}},"82":{"start":{"line":83,"column":0},"end":{"line":83,"column":41}},"84":{"start":{"line":85,"column":0},"end":{"line":85,"column":18}},"85":{"start":{"line":86,"column":0},"end":{"line":86,"column":59}},"86":{"start":{"line":87,"column":0},"end":{"line":87,"column":63}},"87":{"start":{"line":88,"column":0},"end":{"line":88,"column":25}},"88":{"start":{"line":89,"column":0},"end":{"line":89,"column":6}},"89":{"start":{"line":90,"column":0},"end":{"line":90,"column":28}},"91":{"start":{"line":92,"column":0},"end":{"line":92,"column":18}},"92":{"start":{"line":93,"column":0},"end":{"line":93,"column":50}},"93":{"start":{"line":94,"column":0},"end":{"line":94,"column":70}},"94":{"start":{"line":95,"column":0},"end":{"line":95,"column":22}},"95":{"start":{"line":96,"column":0},"end":{"line":96,"column":22}},"96":{"start":{"line":97,"column":0},"end":{"line":97,"column":6}},"97":{"start":{"line":98,"column":0},"end":{"line":98,"column":35}},"99":{"start":{"line":100,"column":0},"end":{"line":100,"column":18}},"100":{"start":{"line":101,"column":0},"end":{"line":101,"column":40}},"101":{"start":{"line":102,"column":0},"end":{"line":102,"column":39}},"102":{"start":{"line":103,"column":0},"end":{"line":103,"column":25}},"103":{"start":{"line":104,"column":0},"end":{"line":104,"column":6}},"104":{"start":{"line":105,"column":0},"end":{"line":105,"column":30}},"106":{"start":{"line":107,"column":0},"end":{"line":107,"column":19}},"107":{"start":{"line":108,"column":0},"end":{"line":108,"column":27}},"108":{"start":{"line":109,"column":0},"end":{"line":109,"column":5}},"109":{"start":{"line":110,"column":0},"end":{"line":110,"column":3}},"112":{"start":{"line":113,"column":0},"end":{"line":113,"column":19}},"113":{"start":{"line":114,"column":0},"end":{"line":114,"column":17}},"114":{"start":{"line":115,"column":0},"end":{"line":115,"column":17}},"115":{"start":{"line":116,"column":0},"end":{"line":116,"column":66}},"116":{"start":{"line":117,"column":0},"end":{"line":117,"column":30}},"118":{"start":{"line":119,"column":0},"end":{"line":119,"column":50}},"119":{"start":{"line":120,"column":0},"end":{"line":120,"column":21}},"120":{"start":{"line":121,"column":0},"end":{"line":121,"column":5}},"122":{"start":{"line":123,"column":0},"end":{"line":123,"column":25}},"123":{"start":{"line":124,"column":0},"end":{"line":124,"column":1}},"126":{"start":{"line":127,"column":0},"end":{"line":127,"column":65}},"127":{"start":{"line":128,"column":0},"end":{"line":128,"column":18}},"128":{"start":{"line":129,"column":0},"end":{"line":129,"column":43}},"129":{"start":{"line":130,"column":0},"end":{"line":130,"column":15}},"130":{"start":{"line":131,"column":0},"end":{"line":131,"column":4}},"131":{"start":{"line":132,"column":0},"end":{"line":132,"column":70}},"132":{"start":{"line":133,"column":0},"end":{"line":133,"column":2}},"134":{"start":{"line":135,"column":0},"end":{"line":135,"column":58}},"136":{"start":{"line":137,"column":0},"end":{"line":137,"column":57}},"137":{"start":{"line":138,"column":0},"end":{"line":138,"column":56}},"138":{"start":{"line":139,"column":0},"end":{"line":139,"column":64}},"139":{"start":{"line":140,"column":0},"end":{"line":140,"column":58}},"140":{"start":{"line":141,"column":0},"end":{"line":141,"column":61}},"141":{"start":{"line":142,"column":0},"end":{"line":142,"column":61}},"142":{"start":{"line":143,"column":0},"end":{"line":143,"column":65}}},"s":{"0":1,"1":1,"10":1,"11":1,"12":1,"13":1,"14":1,"15":1,"16":1,"17":1,"20":1,"21":1,"22":1,"23":1,"24":1,"25":1,"26":1,"27":1,"28":1,"29":1,"30":1,"31":1,"32":1,"33":1,"34":1,"35":1,"36":1,"37":1,"38":1,"39":1,"40":1,"41":1,"42":1,"43":1,"44":1,"45":1,"46":1,"47":1,"48":1,"49":1,"50":1,"51":1,"52":1,"53":1,"54":1,"55":1,"56":1,"58":1,"59":22,"60":22,"61":22,"62":22,"64":22,"65":22,"67":22,"68":22,"69":22,"70":22,"71":22,"72":22,"74":1,"75":92,"76":92,"77":92,"78":92,"79":92,"80":92,"81":92,"82":92,"84":92,"85":92,"86":92,"87":92,"88":92,"89":92,"91":92,"92":92,"93":92,"94":92,"95":92,"96":92,"97":92,"99":92,"100":92,"101":92,"102":92,"103":92,"104":92,"106":92,"107":22,"108":22,"109":92,"112":92,"113":92,"114":92,"115":92,"116":92,"118":92,"119":92,"120":92,"122":92,"123":92,"126":1,"127":1,"128":84,"129":84,"130":84,"131":1,"132":1,"134":1,"136":1,"137":1,"138":1,"139":1,"140":1,"141":1,"142":1},"branchMap":{"0":{"type":"branch","line":11,"loc":{"start":{"line":11,"column":7},"end":{"line":11,"column":27}},"locations":[{"start":{"line":11,"column":7},"end":{"line":11,"column":27}}]},"1":{"type":"branch","line":59,"loc":{"start":{"line":59,"column":36},"end":{"line":73,"column":1}},"locations":[{"start":{"line":59,"column":36},"end":{"line":73,"column":1}}]},"2":{"type":"branch","line":65,"loc":{"start":{"line":65,"column":2},"end":{"line":72,"column":3}},"locations":[{"start":{"line":65,"column":2},"end":{"line":72,"column":3}}]},"3":{"type":"branch","line":75,"loc":{"start":{"line":75,"column":7},"end":{"line":124,"column":1}},"locations":[{"start":{"line":75,"column":7},"end":{"line":124,"column":1}}]},"4":{"type":"branch","line":107,"loc":{"start":{"line":107,"column":4},"end":{"line":109,"column":5}},"locations":[{"start":{"line":107,"column":4},"end":{"line":109,"column":5}}]},"5":{"type":"branch","line":88,"loc":{"start":{"line":88,"column":12},"end":{"line":88,"column":25}},"locations":[{"start":{"line":88,"column":12},"end":{"line":88,"column":25}}]},"6":{"type":"branch","line":103,"loc":{"start":{"line":103,"column":12},"end":{"line":103,"column":25}},"locations":[{"start":{"line":103,"column":12},"end":{"line":103,"column":25}}]},"7":{"type":"branch","line":116,"loc":{"start":{"line":116,"column":11},"end":{"line":116,"column":65}},"locations":[{"start":{"line":116,"column":11},"end":{"line":116,"column":65}}]},"8":{"type":"branch","line":128,"loc":{"start":{"line":128,"column":2},"end":{"line":131,"column":4}},"locations":[{"start":{"line":128,"column":2},"end":{"line":131,"column":4}}]}},"b":{"0":[12],"1":[22],"2":[22],"3":[92],"4":[22],"5":[1],"6":[1],"7":[145],"8":[84]},"fnMap":{"0":{"name":"<instance_members_initializer>","decl":{"start":{"line":59,"column":36},"end":{"line":73,"column":1}},"loc":{"start":{"line":59,"column":36},"end":{"line":73,"column":1}},"line":59},"1":{"name":"BaseException","decl":{"start":{"line":65,"column":2},"end":{"line":72,"column":3}},"loc":{"start":{"line":65,"column":2},"end":{"line":72,"column":3}},"line":65},"2":{"name":"createExceptionClass","decl":{"start":{"line":75,"column":7},"end":{"line":124,"column":1}},"loc":{"start":{"line":75,"column":7},"end":{"line":124,"column":1}},"line":75},"3":{"name":"CustomException","decl":{"start":{"line":107,"column":4},"end":{"line":109,"column":5}},"loc":{"start":{"line":107,"column":4},"end":{"line":109,"column":5}},"line":107},"4":{"name":"type","decl":{"start":{"line":88,"column":12},"end":{"line":88,"column":25}},"loc":{"start":{"line":88,"column":12},"end":{"line":88,"column":25}},"line":88},"5":{"name":"type","decl":{"start":{"line":103,"column":12},"end":{"line":103,"column":25}},"loc":{"start":{"line":103,"column":12},"end":{"line":103,"column":25}},"line":103}},"f":{"0":22,"1":22,"2":92,"3":22,"4":1,"5":1}}
,"/opt/source/src/modules/app/exceptions/filters/exception.filter.ts": {"path":"/opt/source/src/modules/app/exceptions/filters/exception.filter.ts","all":false,"statementMap":{"0":{"start":{"line":1,"column":0},"end":{"line":1,"column":54}},"2":{"start":{"line":3,"column":0},"end":{"line":3,"column":84}},"3":{"start":{"line":4,"column":0},"end":{"line":4,"column":49}},"5":{"start":{"line":6,"column":0},"end":{"line":6,"column":21}},"6":{"start":{"line":7,"column":0},"end":{"line":7,"column":57}},"7":{"start":{"line":8,"column":0},"end":{"line":8,"column":56}},"8":{"start":{"line":9,"column":0},"end":{"line":9,"column":36}},"9":{"start":{"line":10,"column":0},"end":{"line":10,"column":49}},"10":{"start":{"line":11,"column":0},"end":{"line":11,"column":40}},"12":{"start":{"line":13,"column":0},"end":{"line":13,"column":42}},"13":{"start":{"line":14,"column":0},"end":{"line":14,"column":45}},"14":{"start":{"line":15,"column":0},"end":{"line":15,"column":39}},"15":{"start":{"line":16,"column":0},"end":{"line":16,"column":33}},"16":{"start":{"line":17,"column":0},"end":{"line":17,"column":42}},"17":{"start":{"line":18,"column":0},"end":{"line":18,"column":6}},"19":{"start":{"line":20,"column":0},"end":{"line":20,"column":52}},"20":{"start":{"line":21,"column":0},"end":{"line":21,"column":48}},"21":{"start":{"line":22,"column":0},"end":{"line":22,"column":3}},"22":{"start":{"line":23,"column":0},"end":{"line":23,"column":1}}},"s":{"0":1,"2":1,"3":1,"5":1,"6":1,"7":1,"8":1,"9":1,"10":1,"12":1,"13":1,"14":1,"15":1,"16":1,"17":1,"19":1,"20":1,"21":1,"22":1},"branchMap":{"0":{"type":"branch","line":8,"loc":{"start":{"line":8,"column":2},"end":{"line":22,"column":3}},"locations":[{"start":{"line":8,"column":2},"end":{"line":22,"column":3}}]}},"b":{"0":[1]},"fnMap":{"0":{"name":"catch","decl":{"start":{"line":8,"column":2},"end":{"line":22,"column":3}},"loc":{"start":{"line":8,"column":2},"end":{"line":22,"column":3}},"line":8}},"f":{"0":1}}
,"/opt/source/src/modules/app/middlewares/req-res-log.middleware.ts": {"path":"/opt/source/src/modules/app/middlewares/req-res-log.middleware.ts","all":false,"statementMap":{"0":{"start":{"line":1,"column":0},"end":{"line":1,"column":68}},"18":{"start":{"line":19,"column":0},"end":{"line":19,"column":62}},"21":{"start":{"line":22,"column":0},"end":{"line":22,"column":13}},"22":{"start":{"line":23,"column":0},"end":{"line":23,"column":60}},"23":{"start":{"line":24,"column":0},"end":{"line":24,"column":65}},"25":{"start":{"line":26,"column":0},"end":{"line":26,"column":77}},"26":{"start":{"line":27,"column":0},"end":{"line":27,"column":29}},"27":{"start":{"line":28,"column":0},"end":{"line":28,"column":36}},"28":{"start":{"line":29,"column":0},"end":{"line":29,"column":60}},"30":{"start":{"line":31,"column":0},"end":{"line":31,"column":28}},"32":{"start":{"line":33,"column":0},"end":{"line":33,"column":33}},"33":{"start":{"line":34,"column":0},"end":{"line":34,"column":30}},"34":{"start":{"line":35,"column":0},"end":{"line":35,"column":20}},"35":{"start":{"line":36,"column":0},"end":{"line":36,"column":16}},"36":{"start":{"line":37,"column":0},"end":{"line":37,"column":15}},"37":{"start":{"line":38,"column":0},"end":{"line":38,"column":23}},"38":{"start":{"line":39,"column":0},"end":{"line":39,"column":35}},"39":{"start":{"line":40,"column":0},"end":{"line":40,"column":41}},"40":{"start":{"line":41,"column":0},"end":{"line":41,"column":8}},"42":{"start":{"line":43,"column":0},"end":{"line":43,"column":30}},"43":{"start":{"line":44,"column":0},"end":{"line":44,"column":7}},"45":{"start":{"line":46,"column":0},"end":{"line":46,"column":11}},"46":{"start":{"line":47,"column":0},"end":{"line":47,"column":11}},"47":{"start":{"line":48,"column":0},"end":{"line":48,"column":3}},"48":{"start":{"line":49,"column":0},"end":{"line":49,"column":1}}},"s":{"0":1,"18":1,"21":1,"22":1,"23":3,"25":3,"26":3,"27":3,"28":3,"30":3,"32":3,"33":1,"34":1,"35":1,"36":1,"37":1,"38":1,"39":1,"40":1,"42":1,"43":3,"45":3,"46":3,"47":3,"48":3},"branchMap":{"0":{"type":"branch","line":23,"loc":{"start":{"line":23,"column":59},"end":{"line":49,"column":1}},"locations":[{"start":{"line":23,"column":59},"end":{"line":49,"column":1}}]},"1":{"type":"branch","line":26,"loc":{"start":{"line":26,"column":2},"end":{"line":48,"column":3}},"locations":[{"start":{"line":26,"column":2},"end":{"line":48,"column":3}}]},"2":{"type":"branch","line":33,"loc":{"start":{"line":33,"column":20},"end":{"line":44,"column":5}},"locations":[{"start":{"line":33,"column":20},"end":{"line":44,"column":5}}]}},"b":{"0":[3],"1":[3],"2":[1]},"fnMap":{"0":{"name":"<instance_members_initializer>","decl":{"start":{"line":23,"column":59},"end":{"line":49,"column":1}},"loc":{"start":{"line":23,"column":59},"end":{"line":49,"column":1}},"line":23},"1":{"name":"use","decl":{"start":{"line":26,"column":2},"end":{"line":48,"column":3}},"loc":{"start":{"line":26,"column":2},"end":{"line":48,"column":3}},"line":26}},"f":{"0":3,"1":3}}
,"/opt/source/src/modules/app/pipes/create-custom-validation.pipe.ts": {"path":"/opt/source/src/modules/app/pipes/create-custom-validation.pipe.ts","all":false,"statementMap":{"0":{"start":{"line":1,"column":0},"end":{"line":1,"column":56}},"3":{"start":{"line":4,"column":0},"end":{"line":4,"column":47}},"4":{"start":{"line":5,"column":0},"end":{"line":5,"column":62}},"5":{"start":{"line":6,"column":0},"end":{"line":6,"column":29}},"6":{"start":{"line":7,"column":0},"end":{"line":7,"column":32}},"7":{"start":{"line":8,"column":0},"end":{"line":8,"column":30}},"8":{"start":{"line":9,"column":0},"end":{"line":9,"column":22}},"9":{"start":{"line":10,"column":0},"end":{"line":10,"column":18}},"10":{"start":{"line":11,"column":0},"end":{"line":11,"column":19}},"11":{"start":{"line":12,"column":0},"end":{"line":12,"column":6}},"12":{"start":{"line":13,"column":0},"end":{"line":13,"column":20}},"13":{"start":{"line":14,"column":0},"end":{"line":14,"column":5}},"14":{"start":{"line":15,"column":0},"end":{"line":15,"column":1}}},"s":{"0":1,"3":1,"4":1,"5":36,"6":36,"7":36,"8":36,"9":36,"10":36,"11":36,"12":36,"13":36,"14":36},"branchMap":{"0":{"type":"branch","line":5,"loc":{"start":{"line":5,"column":7},"end":{"line":15,"column":1}},"locations":[{"start":{"line":5,"column":7},"end":{"line":15,"column":1}}]}},"b":{"0":[36]},"fnMap":{"0":{"name":"createCustomValidationPipe","decl":{"start":{"line":5,"column":7},"end":{"line":15,"column":1}},"loc":{"start":{"line":5,"column":7},"end":{"line":15,"column":1}},"line":5}},"f":{"0":36}}
,"/opt/source/src/modules/auth/controllers/auth.controller.ts": {"path":"/opt/source/src/modules/auth/controllers/auth.controller.ts","all":false,"statementMap":{"0":{"start":{"line":1,"column":0},"end":{"line":1,"column":63}},"1":{"start":{"line":2,"column":0},"end":{"line":2,"column":71}},"2":{"start":{"line":3,"column":0},"end":{"line":3,"column":87}},"3":{"start":{"line":4,"column":0},"end":{"line":4,"column":139}},"5":{"start":{"line":6,"column":0},"end":{"line":6,"column":90}},"6":{"start":{"line":7,"column":0},"end":{"line":7,"column":79}},"7":{"start":{"line":8,"column":0},"end":{"line":8,"column":75}},"8":{"start":{"line":9,"column":0},"end":{"line":9,"column":65}},"9":{"start":{"line":10,"column":0},"end":{"line":10,"column":58}},"11":{"start":{"line":12,"column":0},"end":{"line":12,"column":43}},"12":{"start":{"line":13,"column":0},"end":{"line":13,"column":24}},"13":{"start":{"line":14,"column":0},"end":{"line":14,"column":19}},"14":{"start":{"line":15,"column":0},"end":{"line":15,"column":29}},"15":{"start":{"line":16,"column":0},"end":{"line":16,"column":80}},"17":{"start":{"line":18,"column":0},"end":{"line":18,"column":42}},"18":{"start":{"line":19,"column":0},"end":{"line":19,"column":42}},"19":{"start":{"line":20,"column":0},"end":{"line":20,"column":56}},"20":{"start":{"line":21,"column":0},"end":{"line":21,"column":20}},"21":{"start":{"line":22,"column":0},"end":{"line":22,"column":16}},"22":{"start":{"line":23,"column":0},"end":{"line":23,"column":14}},"23":{"start":{"line":24,"column":0},"end":{"line":24,"column":46}},"24":{"start":{"line":25,"column":0},"end":{"line":25,"column":30}},"26":{"start":{"line":27,"column":0},"end":{"line":27,"column":44}},"27":{"start":{"line":28,"column":0},"end":{"line":28,"column":3}},"29":{"start":{"line":30,"column":0},"end":{"line":30,"column":46}},"30":{"start":{"line":31,"column":0},"end":{"line":31,"column":42}},"31":{"start":{"line":32,"column":0},"end":{"line":32,"column":25}},"32":{"start":{"line":33,"column":0},"end":{"line":33,"column":25}},"33":{"start":{"line":34,"column":0},"end":{"line":34,"column":22}},"34":{"start":{"line":35,"column":0},"end":{"line":35,"column":46}},"35":{"start":{"line":36,"column":0},"end":{"line":36,"column":30}},"37":{"start":{"line":38,"column":0},"end":{"line":38,"column":44}},"38":{"start":{"line":39,"column":0},"end":{"line":39,"column":3}},"39":{"start":{"line":40,"column":0},"end":{"line":40,"column":1}}},"s":{"0":1,"1":1,"2":1,"3":1,"5":1,"6":1,"7":1,"8":1,"9":1,"11":1,"12":1,"13":1,"14":1,"15":1,"17":1,"18":1,"19":1,"20":1,"21":1,"22":1,"23":1,"24":1,"26":1,"27":1,"29":1,"30":1,"31":1,"32":1,"33":1,"34":1,"35":1,"37":1,"38":1,"39":1},"branchMap":{"0":{"type":"branch","line":16,"loc":{"start":{"line":16,"column":2},"end":{"line":16,"column":80}},"locations":[{"start":{"line":16,"column":2},"end":{"line":16,"column":80}}]},"1":{"type":"branch","line":23,"loc":{"start":{"line":23,"column":2},"end":{"line":28,"column":3}},"locations":[{"start":{"line":23,"column":2},"end":{"line":28,"column":3}}]},"2":{"type":"branch","line":34,"loc":{"start":{"line":34,"column":2},"end":{"line":39,"column":3}},"locations":[{"start":{"line":34,"column":2},"end":{"line":39,"column":3}}]}},"b":{"0":[4],"1":[1],"2":[1]},"fnMap":{"0":{"name":"AuthController","decl":{"start":{"line":16,"column":2},"end":{"line":16,"column":80}},"loc":{"start":{"line":16,"column":2},"end":{"line":16,"column":80}},"line":16},"1":{"name":"login","decl":{"start":{"line":23,"column":2},"end":{"line":28,"column":3}},"loc":{"start":{"line":23,"column":2},"end":{"line":28,"column":3}},"line":23},"2":{"name":"refreshTokens","decl":{"start":{"line":34,"column":2},"end":{"line":39,"column":3}},"loc":{"start":{"line":34,"column":2},"end":{"line":39,"column":3}},"line":34}},"f":{"0":4,"1":1,"2":1}}
,"/opt/source/src/modules/auth/decorators/apply-jwt-guard.decorator.ts": {"path":"/opt/source/src/modules/auth/decorators/apply-jwt-guard.decorator.ts","all":false,"statementMap":{"0":{"start":{"line":1,"column":0},"end":{"line":1,"column":80}},"1":{"start":{"line":2,"column":0},"end":{"line":2,"column":61}},"2":{"start":{"line":3,"column":0},"end":{"line":3,"column":8}},"11":{"start":{"line":12,"column":0},"end":{"line":12,"column":50}},"12":{"start":{"line":13,"column":0},"end":{"line":13,"column":60}},"14":{"start":{"line":15,"column":0},"end":{"line":15,"column":58}},"15":{"start":{"line":16,"column":0},"end":{"line":16,"column":25}},"16":{"start":{"line":17,"column":0},"end":{"line":17,"column":17}},"17":{"start":{"line":18,"column":0},"end":{"line":18,"column":51}},"18":{"start":{"line":19,"column":0},"end":{"line":19,"column":30}},"19":{"start":{"line":20,"column":0},"end":{"line":20,"column":7}},"20":{"start":{"line":21,"column":0},"end":{"line":21,"column":17}},"21":{"start":{"line":22,"column":0},"end":{"line":22,"column":55}},"22":{"start":{"line":23,"column":0},"end":{"line":23,"column":34}},"23":{"start":{"line":24,"column":0},"end":{"line":24,"column":7}},"24":{"start":{"line":25,"column":0},"end":{"line":25,"column":17}},"25":{"start":{"line":26,"column":0},"end":{"line":26,"column":52}},"26":{"start":{"line":27,"column":0},"end":{"line":27,"column":31}},"27":{"start":{"line":28,"column":0},"end":{"line":28,"column":7}},"28":{"start":{"line":29,"column":0},"end":{"line":29,"column":17}},"29":{"start":{"line":30,"column":0},"end":{"line":30,"column":56}},"30":{"start":{"line":31,"column":0},"end":{"line":31,"column":34}},"31":{"start":{"line":32,"column":0},"end":{"line":32,"column":7}},"32":{"start":{"line":33,"column":0},"end":{"line":33,"column":17}},"33":{"start":{"line":34,"column":0},"end":{"line":34,"column":54}},"34":{"start":{"line":35,"column":0},"end":{"line":35,"column":32}},"35":{"start":{"line":36,"column":0},"end":{"line":36,"column":7}},"36":{"start":{"line":37,"column":0},"end":{"line":37,"column":17}},"37":{"start":{"line":38,"column":0},"end":{"line":38,"column":54}},"38":{"start":{"line":39,"column":0},"end":{"line":39,"column":32}},"39":{"start":{"line":40,"column":0},"end":{"line":40,"column":7}},"40":{"start":{"line":41,"column":0},"end":{"line":41,"column":24}},"41":{"start":{"line":42,"column":0},"end":{"line":42,"column":20}},"42":{"start":{"line":43,"column":0},"end":{"line":43,"column":31}},"43":{"start":{"line":44,"column":0},"end":{"line":44,"column":4}},"44":{"start":{"line":45,"column":0},"end":{"line":45,"column":1}}},"s":{"0":1,"1":1,"2":1,"11":1,"12":1,"14":1,"15":1,"16":1,"17":1,"18":1,"19":1,"20":1,"21":1,"22":1,"23":1,"24":1,"25":1,"26":1,"27":1,"28":1,"29":1,"30":1,"31":1,"32":1,"33":1,"34":1,"35":1,"36":1,"37":1,"38":1,"39":1,"40":1,"41":1,"42":1,"43":1,"44":1},"branchMap":{"0":{"type":"branch","line":15,"loc":{"start":{"line":15,"column":7},"end":{"line":45,"column":1}},"locations":[{"start":{"line":15,"column":7},"end":{"line":45,"column":1}}]}},"b":{"0":[1]},"fnMap":{"0":{"name":"ApplyJwtGuard","decl":{"start":{"line":15,"column":7},"end":{"line":45,"column":1}},"loc":{"start":{"line":15,"column":7},"end":{"line":45,"column":1}},"line":15}},"f":{"0":1}}
,"/opt/source/src/modules/auth/decorators/apply-jwt-refresh-guard.decorator.ts": {"path":"/opt/source/src/modules/auth/decorators/apply-jwt-refresh-guard.decorator.ts","all":false,"statementMap":{"0":{"start":{"line":1,"column":0},"end":{"line":1,"column":80}},"1":{"start":{"line":2,"column":0},"end":{"line":2,"column":61}},"2":{"start":{"line":3,"column":0},"end":{"line":3,"column":8}},"10":{"start":{"line":11,"column":0},"end":{"line":11,"column":65}},"12":{"start":{"line":13,"column":0},"end":{"line":13,"column":40}},"13":{"start":{"line":14,"column":0},"end":{"line":14,"column":25}},"14":{"start":{"line":15,"column":0},"end":{"line":15,"column":17}},"15":{"start":{"line":16,"column":0},"end":{"line":16,"column":51}},"16":{"start":{"line":17,"column":0},"end":{"line":17,"column":30}},"17":{"start":{"line":18,"column":0},"end":{"line":18,"column":7}},"18":{"start":{"line":19,"column":0},"end":{"line":19,"column":17}},"19":{"start":{"line":20,"column":0},"end":{"line":20,"column":55}},"20":{"start":{"line":21,"column":0},"end":{"line":21,"column":34}},"21":{"start":{"line":22,"column":0},"end":{"line":22,"column":7}},"22":{"start":{"line":23,"column":0},"end":{"line":23,"column":17}},"23":{"start":{"line":24,"column":0},"end":{"line":24,"column":52}},"24":{"start":{"line":25,"column":0},"end":{"line":25,"column":31}},"25":{"start":{"line":26,"column":0},"end":{"line":26,"column":7}},"26":{"start":{"line":27,"column":0},"end":{"line":27,"column":17}},"27":{"start":{"line":28,"column":0},"end":{"line":28,"column":56}},"28":{"start":{"line":29,"column":0},"end":{"line":29,"column":34}},"29":{"start":{"line":30,"column":0},"end":{"line":30,"column":7}},"30":{"start":{"line":31,"column":0},"end":{"line":31,"column":17}},"31":{"start":{"line":32,"column":0},"end":{"line":32,"column":54}},"32":{"start":{"line":33,"column":0},"end":{"line":33,"column":32}},"33":{"start":{"line":34,"column":0},"end":{"line":34,"column":7}},"34":{"start":{"line":35,"column":0},"end":{"line":35,"column":17}},"35":{"start":{"line":36,"column":0},"end":{"line":36,"column":54}},"36":{"start":{"line":37,"column":0},"end":{"line":37,"column":32}},"37":{"start":{"line":38,"column":0},"end":{"line":38,"column":7}},"38":{"start":{"line":39,"column":0},"end":{"line":39,"column":20}},"39":{"start":{"line":40,"column":0},"end":{"line":40,"column":30}},"40":{"start":{"line":41,"column":0},"end":{"line":41,"column":4}},"41":{"start":{"line":42,"column":0},"end":{"line":42,"column":1}}},"s":{"0":1,"1":1,"2":1,"10":1,"12":1,"13":1,"14":1,"15":1,"16":1,"17":1,"18":1,"19":1,"20":1,"21":1,"22":1,"23":1,"24":1,"25":1,"26":1,"27":1,"28":1,"29":1,"30":1,"31":1,"32":1,"33":1,"34":1,"35":1,"36":1,"37":1,"38":1,"39":1,"40":1,"41":1},"branchMap":{"0":{"type":"branch","line":13,"loc":{"start":{"line":13,"column":7},"end":{"line":42,"column":1}},"locations":[{"start":{"line":13,"column":7},"end":{"line":42,"column":1}}]}},"b":{"0":[1]},"fnMap":{"0":{"name":"ApplyJwtRefreshGuard","decl":{"start":{"line":13,"column":7},"end":{"line":42,"column":1}},"loc":{"start":{"line":13,"column":7},"end":{"line":42,"column":1}},"line":13}},"f":{"0":1}}
,"/opt/source/src/modules/auth/decorators/apply-local-guard.decorator.ts": {"path":"/opt/source/src/modules/auth/decorators/apply-local-guard.decorator.ts","all":false,"statementMap":{"0":{"start":{"line":1,"column":0},"end":{"line":1,"column":80}},"1":{"start":{"line":2,"column":0},"end":{"line":2,"column":46}},"2":{"start":{"line":3,"column":0},"end":{"line":3,"column":8}},"10":{"start":{"line":11,"column":0},"end":{"line":11,"column":54}},"12":{"start":{"line":13,"column":0},"end":{"line":13,"column":35}},"13":{"start":{"line":14,"column":0},"end":{"line":14,"column":25}},"14":{"start":{"line":15,"column":0},"end":{"line":15,"column":17}},"15":{"start":{"line":16,"column":0},"end":{"line":16,"column":51}},"16":{"start":{"line":17,"column":0},"end":{"line":17,"column":30}},"17":{"start":{"line":18,"column":0},"end":{"line":18,"column":7}},"18":{"start":{"line":19,"column":0},"end":{"line":19,"column":17}},"19":{"start":{"line":20,"column":0},"end":{"line":20,"column":55}},"20":{"start":{"line":21,"column":0},"end":{"line":21,"column":34}},"21":{"start":{"line":22,"column":0},"end":{"line":22,"column":7}},"22":{"start":{"line":23,"column":0},"end":{"line":23,"column":17}},"23":{"start":{"line":24,"column":0},"end":{"line":24,"column":52}},"24":{"start":{"line":25,"column":0},"end":{"line":25,"column":31}},"25":{"start":{"line":26,"column":0},"end":{"line":26,"column":7}},"26":{"start":{"line":27,"column":0},"end":{"line":27,"column":17}},"27":{"start":{"line":28,"column":0},"end":{"line":28,"column":56}},"28":{"start":{"line":29,"column":0},"end":{"line":29,"column":34}},"29":{"start":{"line":30,"column":0},"end":{"line":30,"column":7}},"30":{"start":{"line":31,"column":0},"end":{"line":31,"column":17}},"31":{"start":{"line":32,"column":0},"end":{"line":32,"column":54}},"32":{"start":{"line":33,"column":0},"end":{"line":33,"column":32}},"33":{"start":{"line":34,"column":0},"end":{"line":34,"column":7}},"34":{"start":{"line":35,"column":0},"end":{"line":35,"column":17}},"35":{"start":{"line":36,"column":0},"end":{"line":36,"column":54}},"36":{"start":{"line":37,"column":0},"end":{"line":37,"column":32}},"37":{"start":{"line":38,"column":0},"end":{"line":38,"column":7}},"38":{"start":{"line":39,"column":0},"end":{"line":39,"column":25}},"39":{"start":{"line":40,"column":0},"end":{"line":40,"column":4}},"40":{"start":{"line":41,"column":0},"end":{"line":41,"column":1}}},"s":{"0":1,"1":1,"2":1,"10":1,"12":1,"13":1,"14":1,"15":1,"16":1,"17":1,"18":1,"19":1,"20":1,"21":1,"22":1,"23":1,"24":1,"25":1,"26":1,"27":1,"28":1,"29":1,"30":1,"31":1,"32":1,"33":1,"34":1,"35":1,"36":1,"37":1,"38":1,"39":1,"40":1},"branchMap":{"0":{"type":"branch","line":13,"loc":{"start":{"line":13,"column":7},"end":{"line":41,"column":1}},"locations":[{"start":{"line":13,"column":7},"end":{"line":41,"column":1}}]}},"b":{"0":[1]},"fnMap":{"0":{"name":"ApplyLocalGuard","decl":{"start":{"line":13,"column":7},"end":{"line":41,"column":1}},"loc":{"start":{"line":13,"column":7},"end":{"line":41,"column":1}},"line":13}},"f":{"0":1}}
,"/opt/source/src/modules/auth/decorators/get-jwt-payload.decorator.ts": {"path":"/opt/source/src/modules/auth/decorators/get-jwt-payload.decorator.ts","all":false,"statementMap":{"0":{"start":{"line":1,"column":0},"end":{"line":1,"column":80}},"1":{"start":{"line":2,"column":0},"end":{"line":2,"column":71}},"5":{"start":{"line":6,"column":0},"end":{"line":6,"column":74}},"6":{"start":{"line":7,"column":0},"end":{"line":7,"column":48}},"8":{"start":{"line":9,"column":0},"end":{"line":9,"column":46}},"9":{"start":{"line":10,"column":0},"end":{"line":10,"column":43}},"11":{"start":{"line":12,"column":0},"end":{"line":12,"column":20}},"12":{"start":{"line":13,"column":0},"end":{"line":13,"column":17}},"13":{"start":{"line":14,"column":0},"end":{"line":14,"column":108}},"14":{"start":{"line":15,"column":0},"end":{"line":15,"column":6}},"15":{"start":{"line":16,"column":0},"end":{"line":16,"column":34}},"16":{"start":{"line":17,"column":0},"end":{"line":17,"column":3}},"18":{"start":{"line":19,"column":0},"end":{"line":19,"column":20}},"19":{"start":{"line":20,"column":0},"end":{"line":20,"column":2}},"24":{"start":{"line":25,"column":0},"end":{"line":25,"column":63}},"25":{"start":{"line":26,"column":0},"end":{"line":26,"column":32}},"26":{"start":{"line":27,"column":0},"end":{"line":27,"column":3}}},"s":{"0":1,"1":1,"5":1,"6":2,"8":2,"9":2,"11":2,"12":1,"13":1,"14":1,"15":1,"16":1,"18":1,"19":1,"24":1,"25":0,"26":0},"branchMap":{"0":{"type":"branch","line":6,"loc":{"start":{"line":6,"column":33},"end":{"line":20,"column":2}},"locations":[{"start":{"line":6,"column":33},"end":{"line":20,"column":2}}]},"1":{"type":"branch","line":12,"loc":{"start":{"line":12,"column":19},"end":{"line":20,"column":2}},"locations":[{"start":{"line":12,"column":19},"end":{"line":20,"column":2}}]}},"b":{"0":[2],"1":[1]},"fnMap":{"0":{"name":"decoratorCallback","decl":{"start":{"line":6,"column":33},"end":{"line":20,"column":2}},"loc":{"start":{"line":6,"column":33},"end":{"line":20,"column":2}},"line":6}},"f":{"0":2}}
,"/opt/source/src/modules/auth/decorators/require-roles.decorator.ts": {"path":"/opt/source/src/modules/auth/decorators/require-roles.decorator.ts","all":false,"statementMap":{"0":{"start":{"line":1,"column":0},"end":{"line":1,"column":62}},"3":{"start":{"line":4,"column":0},"end":{"line":4,"column":33}},"10":{"start":{"line":11,"column":0},"end":{"line":11,"column":29}},"11":{"start":{"line":12,"column":0},"end":{"line":12,"column":27}},"12":{"start":{"line":13,"column":0},"end":{"line":13,"column":31}},"13":{"start":{"line":14,"column":0},"end":{"line":14,"column":53}},"14":{"start":{"line":15,"column":0},"end":{"line":15,"column":20}},"15":{"start":{"line":16,"column":0},"end":{"line":16,"column":77}},"16":{"start":{"line":17,"column":0},"end":{"line":17,"column":6}},"17":{"start":{"line":18,"column":0},"end":{"line":18,"column":3}},"19":{"start":{"line":20,"column":0},"end":{"line":20,"column":47}},"20":{"start":{"line":21,"column":0},"end":{"line":21,"column":2}}},"s":{"0":1,"3":1,"10":1,"11":1,"12":1,"13":1,"14":0,"15":0,"16":0,"17":0,"19":1,"20":1},"branchMap":{"0":{"type":"branch","line":11,"loc":{"start":{"line":11,"column":28},"end":{"line":21,"column":2}},"locations":[{"start":{"line":11,"column":28},"end":{"line":21,"column":2}}]},"1":{"type":"branch","line":14,"loc":{"start":{"line":14,"column":52},"end":{"line":18,"column":3}},"locations":[{"start":{"line":14,"column":52},"end":{"line":18,"column":3}}]}},"b":{"0":[1],"1":[0]},"fnMap":{"0":{"name":"RequireRoles","decl":{"start":{"line":11,"column":28},"end":{"line":21,"column":2}},"loc":{"start":{"line":11,"column":28},"end":{"line":21,"column":2}},"line":11}},"f":{"0":1}}
,"/opt/source/src/modules/auth/guards/jwt-refresh.guard.ts": {"path":"/opt/source/src/modules/auth/guards/jwt-refresh.guard.ts","all":false,"statementMap":{"0":{"start":{"line":1,"column":0},"end":{"line":1,"column":52}},"1":{"start":{"line":2,"column":0},"end":{"line":2,"column":45}},"2":{"start":{"line":3,"column":0},"end":{"line":3,"column":8}},"8":{"start":{"line":9,"column":0},"end":{"line":9,"column":13}},"9":{"start":{"line":10,"column":0},"end":{"line":10,"column":63}},"10":{"start":{"line":11,"column":0},"end":{"line":11,"column":61}},"12":{"start":{"line":13,"column":0},"end":{"line":13,"column":49}},"13":{"start":{"line":14,"column":0},"end":{"line":14,"column":14}},"14":{"start":{"line":15,"column":0},"end":{"line":15,"column":66}},"15":{"start":{"line":16,"column":0},"end":{"line":16,"column":16}},"16":{"start":{"line":17,"column":0},"end":{"line":17,"column":5}},"18":{"start":{"line":19,"column":0},"end":{"line":19,"column":15}},"19":{"start":{"line":20,"column":0},"end":{"line":20,"column":45}},"20":{"start":{"line":21,"column":0},"end":{"line":21,"column":71}},"21":{"start":{"line":22,"column":0},"end":{"line":22,"column":40}},"22":{"start":{"line":23,"column":0},"end":{"line":23,"column":7}},"24":{"start":{"line":25,"column":0},"end":{"line":25,"column":46}},"25":{"start":{"line":26,"column":0},"end":{"line":26,"column":71}},"26":{"start":{"line":27,"column":0},"end":{"line":27,"column":40}},"27":{"start":{"line":28,"column":0},"end":{"line":28,"column":7}},"29":{"start":{"line":30,"column":0},"end":{"line":30,"column":46}},"30":{"start":{"line":31,"column":0},"end":{"line":31,"column":73}},"31":{"start":{"line":32,"column":0},"end":{"line":32,"column":42}},"32":{"start":{"line":33,"column":0},"end":{"line":33,"column":7}},"33":{"start":{"line":34,"column":0},"end":{"line":34,"column":5}},"35":{"start":{"line":36,"column":0},"end":{"line":36,"column":16}},"36":{"start":{"line":37,"column":0},"end":{"line":37,"column":70}},"37":{"start":{"line":38,"column":0},"end":{"line":38,"column":38}},"38":{"start":{"line":39,"column":0},"end":{"line":39,"column":5}},"40":{"start":{"line":41,"column":0},"end":{"line":41,"column":16}},"41":{"start":{"line":42,"column":0},"end":{"line":42,"column":3}},"42":{"start":{"line":43,"column":0},"end":{"line":43,"column":1}}},"s":{"0":1,"1":1,"2":1,"8":1,"9":1,"10":10,"12":10,"13":6,"14":1,"15":1,"16":1,"18":6,"19":3,"20":1,"21":1,"22":1,"24":3,"25":1,"26":1,"27":1,"29":1,"30":1,"31":1,"32":1,"33":3,"35":6,"36":1,"37":1,"38":1,"40":1,"41":6,"42":10},"branchMap":{"0":{"type":"branch","line":10,"loc":{"start":{"line":10,"column":62},"end":{"line":43,"column":1}},"locations":[{"start":{"line":10,"column":62},"end":{"line":43,"column":1}}]},"1":{"type":"branch","line":13,"loc":{"start":{"line":13,"column":2},"end":{"line":42,"column":3}},"locations":[{"start":{"line":13,"column":2},"end":{"line":42,"column":3}}]},"2":{"type":"branch","line":14,"loc":{"start":{"line":14,"column":13},"end":{"line":17,"column":5}},"locations":[{"start":{"line":14,"column":13},"end":{"line":17,"column":5}}]},"3":{"type":"branch","line":17,"loc":{"start":{"line":17,"column":4},"end":{"line":19,"column":14}},"locations":[{"start":{"line":17,"column":4},"end":{"line":19,"column":14}}]},"4":{"type":"branch","line":19,"loc":{"start":{"line":19,"column":14},"end":{"line":34,"column":5}},"locations":[{"start":{"line":19,"column":14},"end":{"line":34,"column":5}}]},"5":{"type":"branch","line":20,"loc":{"start":{"line":20,"column":44},"end":{"line":23,"column":7}},"locations":[{"start":{"line":20,"column":44},"end":{"line":23,"column":7}}]},"6":{"type":"branch","line":23,"loc":{"start":{"line":23,"column":6},"end":{"line":25,"column":45}},"locations":[{"start":{"line":23,"column":6},"end":{"line":25,"column":45}}]},"7":{"type":"branch","line":25,"loc":{"start":{"line":25,"column":45},"end":{"line":33,"column":7}},"locations":[{"start":{"line":25,"column":45},"end":{"line":33,"column":7}}]},"8":{"type":"branch","line":34,"loc":{"start":{"line":34,"column":4},"end":{"line":36,"column":15}},"locations":[{"start":{"line":34,"column":4},"end":{"line":36,"column":15}}]},"9":{"type":"branch","line":36,"loc":{"start":{"line":36,"column":15},"end":{"line":41,"column":16}},"locations":[{"start":{"line":36,"column":15},"end":{"line":41,"column":16}}]}},"b":{"0":[10],"1":[6],"2":[1],"3":[5],"4":[3],"5":[1],"6":[2],"7":[1],"8":[2],"9":[1]},"fnMap":{"0":{"name":"<instance_members_initializer>","decl":{"start":{"line":10,"column":62},"end":{"line":43,"column":1}},"loc":{"start":{"line":10,"column":62},"end":{"line":43,"column":1}},"line":10},"1":{"name":"handleRequest","decl":{"start":{"line":13,"column":2},"end":{"line":42,"column":3}},"loc":{"start":{"line":13,"column":2},"end":{"line":42,"column":3}},"line":13}},"f":{"0":10,"1":6}}
,"/opt/source/src/modules/auth/guards/jwt.guard.ts": {"path":"/opt/source/src/modules/auth/guards/jwt.guard.ts","all":false,"statementMap":{"0":{"start":{"line":1,"column":0},"end":{"line":1,"column":8}},"7":{"start":{"line":8,"column":0},"end":{"line":8,"column":41}},"8":{"start":{"line":9,"column":0},"end":{"line":9,"column":8}},"13":{"start":{"line":14,"column":0},"end":{"line":14,"column":69}},"20":{"start":{"line":21,"column":0},"end":{"line":21,"column":13}},"21":{"start":{"line":22,"column":0},"end":{"line":22,"column":46}},"22":{"start":{"line":23,"column":0},"end":{"line":23,"column":45}},"24":{"start":{"line":25,"column":0},"end":{"line":25,"column":65}},"26":{"start":{"line":27,"column":0},"end":{"line":27,"column":66}},"28":{"start":{"line":29,"column":0},"end":{"line":29,"column":71}},"29":{"start":{"line":30,"column":0},"end":{"line":30,"column":16}},"30":{"start":{"line":31,"column":0},"end":{"line":31,"column":48}},"31":{"start":{"line":32,"column":0},"end":{"line":32,"column":6}},"34":{"start":{"line":35,"column":0},"end":{"line":35,"column":55}},"35":{"start":{"line":36,"column":0},"end":{"line":36,"column":18}},"36":{"start":{"line":37,"column":0},"end":{"line":37,"column":5}},"38":{"start":{"line":39,"column":0},"end":{"line":39,"column":30}},"39":{"start":{"line":40,"column":0},"end":{"line":40,"column":21}},"40":{"start":{"line":41,"column":0},"end":{"line":41,"column":57}},"44":{"start":{"line":45,"column":0},"end":{"line":45,"column":22}},"46":{"start":{"line":47,"column":0},"end":{"line":47,"column":43}},"47":{"start":{"line":48,"column":0},"end":{"line":48,"column":40}},"48":{"start":{"line":49,"column":0},"end":{"line":49,"column":5}},"50":{"start":{"line":51,"column":0},"end":{"line":51,"column":28}},"51":{"start":{"line":52,"column":0},"end":{"line":52,"column":52}},"52":{"start":{"line":53,"column":0},"end":{"line":53,"column":40}},"53":{"start":{"line":54,"column":0},"end":{"line":54,"column":5}},"56":{"start":{"line":57,"column":0},"end":{"line":57,"column":74}},"57":{"start":{"line":58,"column":0},"end":{"line":58,"column":24}},"58":{"start":{"line":59,"column":0},"end":{"line":59,"column":94}},"59":{"start":{"line":60,"column":0},"end":{"line":60,"column":8}},"60":{"start":{"line":61,"column":0},"end":{"line":61,"column":37}},"61":{"start":{"line":62,"column":0},"end":{"line":62,"column":5}},"64":{"start":{"line":65,"column":0},"end":{"line":65,"column":16}},"65":{"start":{"line":66,"column":0},"end":{"line":66,"column":3}},"66":{"start":{"line":67,"column":0},"end":{"line":67,"column":1}}},"s":{"0":1,"7":1,"8":1,"13":1,"20":1,"21":1,"22":9,"24":9,"26":9,"28":7,"29":7,"30":7,"31":7,"34":7,"35":2,"36":2,"38":5,"39":5,"40":5,"44":7,"46":1,"47":1,"48":1,"50":7,"51":1,"52":1,"53":1,"56":7,"57":1,"58":1,"59":1,"60":1,"61":1,"64":2,"65":7,"66":9},"branchMap":{"0":{"type":"branch","line":22,"loc":{"start":{"line":22,"column":45},"end":{"line":67,"column":1}},"locations":[{"start":{"line":22,"column":45},"end":{"line":67,"column":1}}]},"1":{"type":"branch","line":25,"loc":{"start":{"line":25,"column":2},"end":{"line":25,"column":65}},"locations":[{"start":{"line":25,"column":2},"end":{"line":25,"column":65}}]},"2":{"type":"branch","line":27,"loc":{"start":{"line":27,"column":2},"end":{"line":66,"column":3}},"locations":[{"start":{"line":27,"column":2},"end":{"line":66,"column":3}}]},"3":{"type":"branch","line":35,"loc":{"start":{"line":35,"column":9},"end":{"line":35,"column":54}},"locations":[{"start":{"line":35,"column":9},"end":{"line":35,"column":54}}]},"4":{"type":"branch","line":35,"loc":{"start":{"line":35,"column":54},"end":{"line":37,"column":5}},"locations":[{"start":{"line":35,"column":54},"end":{"line":37,"column":5}}]},"5":{"type":"branch","line":37,"loc":{"start":{"line":37,"column":4},"end":{"line":45,"column":21}},"locations":[{"start":{"line":37,"column":4},"end":{"line":45,"column":21}}]},"6":{"type":"branch","line":45,"loc":{"start":{"line":45,"column":21},"end":{"line":49,"column":5}},"locations":[{"start":{"line":45,"column":21},"end":{"line":49,"column":5}}]},"7":{"type":"branch","line":49,"loc":{"start":{"line":49,"column":4},"end":{"line":51,"column":27}},"locations":[{"start":{"line":49,"column":4},"end":{"line":51,"column":27}}]},"8":{"type":"branch","line":51,"loc":{"start":{"line":51,"column":27},"end":{"line":54,"column":5}},"locations":[{"start":{"line":51,"column":27},"end":{"line":54,"column":5}}]},"9":{"type":"branch","line":54,"loc":{"start":{"line":54,"column":4},"end":{"line":57,"column":73}},"locations":[{"start":{"line":54,"column":4},"end":{"line":57,"column":73}}]},"10":{"type":"branch","line":57,"loc":{"start":{"line":57,"column":73},"end":{"line":62,"column":5}},"locations":[{"start":{"line":57,"column":73},"end":{"line":62,"column":5}}]},"11":{"type":"branch","line":62,"loc":{"start":{"line":62,"column":4},"end":{"line":65,"column":16}},"locations":[{"start":{"line":62,"column":4},"end":{"line":65,"column":16}}]},"12":{"type":"branch","line":57,"loc":{"start":{"line":57,"column":29},"end":{"line":57,"column":70}},"locations":[{"start":{"line":57,"column":29},"end":{"line":57,"column":70}}]}},"b":{"0":[9],"1":[9],"2":[7],"3":[6],"4":[2],"5":[5],"6":[1],"7":[4],"8":[1],"9":[3],"10":[1],"11":[2],"12":[4]},"fnMap":{"0":{"name":"<instance_members_initializer>","decl":{"start":{"line":22,"column":45},"end":{"line":67,"column":1}},"loc":{"start":{"line":22,"column":45},"end":{"line":67,"column":1}},"line":22},"1":{"name":"JwtGuard","decl":{"start":{"line":25,"column":2},"end":{"line":25,"column":65}},"loc":{"start":{"line":25,"column":2},"end":{"line":25,"column":65}},"line":25},"2":{"name":"canActivate","decl":{"start":{"line":27,"column":2},"end":{"line":66,"column":3}},"loc":{"start":{"line":27,"column":2},"end":{"line":66,"column":3}},"line":27}},"f":{"0":9,"1":9,"2":7}}
,"/opt/source/src/modules/auth/guards/local.guard.ts": {"path":"/opt/source/src/modules/auth/guards/local.guard.ts","all":false,"statementMap":{"0":{"start":{"line":1,"column":0},"end":{"line":1,"column":44}},"1":{"start":{"line":2,"column":0},"end":{"line":2,"column":45}},"3":{"start":{"line":4,"column":0},"end":{"line":4,"column":13}},"4":{"start":{"line":5,"column":0},"end":{"line":5,"column":53}}},"s":{"0":1,"1":1,"3":1,"4":1},"branchMap":{},"b":{},"fnMap":{},"f":{}}
,"/opt/source/src/modules/auth/services/auth.service.ts": {"path":"/opt/source/src/modules/auth/services/auth.service.ts","all":false,"statementMap":{"0":{"start":{"line":1,"column":0},"end":{"line":1,"column":39}},"1":{"start":{"line":2,"column":0},"end":{"line":2,"column":60}},"2":{"start":{"line":3,"column":0},"end":{"line":3,"column":41}},"3":{"start":{"line":4,"column":0},"end":{"line":4,"column":28}},"4":{"start":{"line":5,"column":0},"end":{"line":5,"column":72}},"6":{"start":{"line":7,"column":0},"end":{"line":7,"column":88}},"10":{"start":{"line":11,"column":0},"end":{"line":11,"column":13}},"11":{"start":{"line":12,"column":0},"end":{"line":12,"column":26}},"12":{"start":{"line":13,"column":0},"end":{"line":13,"column":59}},"14":{"start":{"line":15,"column":0},"end":{"line":15,"column":14}},"15":{"start":{"line":16,"column":0},"end":{"line":16,"column":64}},"16":{"start":{"line":17,"column":0},"end":{"line":17,"column":73}},"17":{"start":{"line":18,"column":0},"end":{"line":18,"column":33}},"18":{"start":{"line":19,"column":0},"end":{"line":19,"column":63}},"19":{"start":{"line":20,"column":0},"end":{"line":20,"column":6}},"24":{"start":{"line":25,"column":0},"end":{"line":25,"column":35}},"25":{"start":{"line":26,"column":0},"end":{"line":26,"column":57}},"26":{"start":{"line":27,"column":0},"end":{"line":27,"column":61}},"27":{"start":{"line":28,"column":0},"end":{"line":28,"column":36}},"28":{"start":{"line":29,"column":0},"end":{"line":29,"column":21}},"29":{"start":{"line":30,"column":0},"end":{"line":30,"column":30}},"30":{"start":{"line":31,"column":0},"end":{"line":31,"column":24}},"31":{"start":{"line":32,"column":0},"end":{"line":32,"column":6}},"33":{"start":{"line":34,"column":0},"end":{"line":34,"column":50}},"34":{"start":{"line":35,"column":0},"end":{"line":35,"column":21}},"35":{"start":{"line":36,"column":0},"end":{"line":36,"column":6}},"37":{"start":{"line":38,"column":0},"end":{"line":38,"column":12}},"38":{"start":{"line":39,"column":0},"end":{"line":39,"column":64}},"39":{"start":{"line":40,"column":0},"end":{"line":40,"column":70}},"40":{"start":{"line":41,"column":0},"end":{"line":41,"column":42}},"41":{"start":{"line":42,"column":0},"end":{"line":42,"column":47}},"42":{"start":{"line":43,"column":0},"end":{"line":43,"column":10}},"43":{"start":{"line":44,"column":0},"end":{"line":44,"column":9}},"44":{"start":{"line":45,"column":0},"end":{"line":45,"column":72}},"45":{"start":{"line":46,"column":0},"end":{"line":46,"column":71}},"46":{"start":{"line":47,"column":0},"end":{"line":47,"column":42}},"47":{"start":{"line":48,"column":0},"end":{"line":48,"column":48}},"48":{"start":{"line":49,"column":0},"end":{"line":49,"column":10}},"49":{"start":{"line":50,"column":0},"end":{"line":50,"column":9}},"50":{"start":{"line":51,"column":0},"end":{"line":51,"column":6}},"51":{"start":{"line":52,"column":0},"end":{"line":52,"column":3}},"59":{"start":{"line":60,"column":0},"end":{"line":60,"column":39}},"60":{"start":{"line":61,"column":0},"end":{"line":61,"column":21}},"61":{"start":{"line":62,"column":0},"end":{"line":62,"column":31}},"62":{"start":{"line":63,"column":0},"end":{"line":63,"column":20}},"63":{"start":{"line":64,"column":0},"end":{"line":64,"column":75}},"65":{"start":{"line":66,"column":0},"end":{"line":66,"column":68}},"66":{"start":{"line":67,"column":0},"end":{"line":67,"column":31}},"67":{"start":{"line":68,"column":0},"end":{"line":68,"column":39}},"68":{"start":{"line":69,"column":0},"end":{"line":69,"column":5}},"70":{"start":{"line":71,"column":0},"end":{"line":71,"column":34}},"71":{"start":{"line":72,"column":0},"end":{"line":72,"column":23}},"72":{"start":{"line":73,"column":0},"end":{"line":73,"column":63}},"73":{"start":{"line":74,"column":0},"end":{"line":74,"column":5}},"75":{"start":{"line":76,"column":0},"end":{"line":76,"column":52}},"76":{"start":{"line":77,"column":0},"end":{"line":77,"column":35}},"77":{"start":{"line":78,"column":0},"end":{"line":78,"column":25}},"78":{"start":{"line":79,"column":0},"end":{"line":79,"column":38}},"79":{"start":{"line":80,"column":0},"end":{"line":80,"column":3}},"84":{"start":{"line":85,"column":0},"end":{"line":85,"column":46}},"85":{"start":{"line":86,"column":0},"end":{"line":86,"column":61}},"86":{"start":{"line":87,"column":0},"end":{"line":87,"column":76}},"87":{"start":{"line":88,"column":0},"end":{"line":88,"column":18}},"88":{"start":{"line":89,"column":0},"end":{"line":89,"column":3}},"89":{"start":{"line":90,"column":0},"end":{"line":90,"column":1}}},"s":{"0":1,"1":1,"2":1,"3":1,"4":1,"6":1,"10":1,"11":1,"12":4,"14":4,"15":4,"16":4,"17":4,"18":4,"19":4,"24":4,"25":2,"26":2,"27":2,"28":2,"29":2,"30":2,"31":2,"33":2,"34":2,"35":2,"37":2,"38":2,"39":2,"40":2,"41":2,"42":2,"43":2,"44":2,"45":2,"46":2,"47":2,"48":2,"49":2,"50":2,"51":2,"59":4,"60":3,"61":3,"62":3,"63":3,"65":3,"66":3,"67":3,"68":3,"70":3,"71":3,"72":2,"73":2,"75":3,"76":3,"77":3,"78":3,"79":3,"84":4,"85":1,"86":1,"87":1,"88":1,"89":4},"branchMap":{"0":{"type":"branch","line":12,"loc":{"start":{"line":12,"column":25},"end":{"line":90,"column":1}},"locations":[{"start":{"line":12,"column":25},"end":{"line":90,"column":1}}]},"1":{"type":"branch","line":15,"loc":{"start":{"line":15,"column":2},"end":{"line":20,"column":6}},"locations":[{"start":{"line":15,"column":2},"end":{"line":20,"column":6}}]},"2":{"type":"branch","line":25,"loc":{"start":{"line":25,"column":2},"end":{"line":52,"column":3}},"locations":[{"start":{"line":25,"column":2},"end":{"line":52,"column":3}}]},"3":{"type":"branch","line":60,"loc":{"start":{"line":60,"column":2},"end":{"line":80,"column":3}},"locations":[{"start":{"line":60,"column":2},"end":{"line":80,"column":3}}]},"4":{"type":"branch","line":72,"loc":{"start":{"line":72,"column":22},"end":{"line":74,"column":5}},"locations":[{"start":{"line":72,"column":22},"end":{"line":74,"column":5}}]},"5":{"type":"branch","line":85,"loc":{"start":{"line":85,"column":2},"end":{"line":89,"column":3}},"locations":[{"start":{"line":85,"column":2},"end":{"line":89,"column":3}}]}},"b":{"0":[4],"1":[4],"2":[2],"3":[3],"4":[2],"5":[1]},"fnMap":{"0":{"name":"<instance_members_initializer>","decl":{"start":{"line":12,"column":25},"end":{"line":90,"column":1}},"loc":{"start":{"line":12,"column":25},"end":{"line":90,"column":1}},"line":12},"1":{"name":"AuthService","decl":{"start":{"line":15,"column":2},"end":{"line":20,"column":6}},"loc":{"start":{"line":15,"column":2},"end":{"line":20,"column":6}},"line":15},"2":{"name":"generateUserTokens","decl":{"start":{"line":25,"column":2},"end":{"line":52,"column":3}},"loc":{"start":{"line":25,"column":2},"end":{"line":52,"column":3}},"line":25},"3":{"name":"updateRefreshTokenInDb","decl":{"start":{"line":60,"column":2},"end":{"line":80,"column":3}},"loc":{"start":{"line":60,"column":2},"end":{"line":80,"column":3}},"line":60},"4":{"name":"login","decl":{"start":{"line":85,"column":2},"end":{"line":89,"column":3}},"loc":{"start":{"line":85,"column":2},"end":{"line":89,"column":3}},"line":85}},"f":{"0":4,"1":4,"2":2,"3":3,"4":1}}
,"/opt/source/src/modules/auth/strategies/jwt-refresh.strategy.ts": {"path":"/opt/source/src/modules/auth/strategies/jwt-refresh.strategy.ts","all":false,"statementMap":{"0":{"start":{"line":1,"column":0},"end":{"line":1,"column":60}},"1":{"start":{"line":2,"column":0},"end":{"line":2,"column":52}},"2":{"start":{"line":3,"column":0},"end":{"line":3,"column":52}},"3":{"start":{"line":4,"column":0},"end":{"line":4,"column":72}},"5":{"start":{"line":6,"column":0},"end":{"line":6,"column":88}},"7":{"start":{"line":8,"column":0},"end":{"line":8,"column":8}},"11":{"start":{"line":12,"column":0},"end":{"line":12,"column":28}},"19":{"start":{"line":20,"column":0},"end":{"line":20,"column":108}},"25":{"start":{"line":26,"column":0},"end":{"line":26,"column":13}},"26":{"start":{"line":27,"column":0},"end":{"line":27,"column":57}},"27":{"start":{"line":28,"column":0},"end":{"line":28,"column":11}},"28":{"start":{"line":29,"column":0},"end":{"line":29,"column":15}},"29":{"start":{"line":30,"column":0},"end":{"line":30,"column":3}},"30":{"start":{"line":31,"column":0},"end":{"line":31,"column":64}},"32":{"start":{"line":33,"column":0},"end":{"line":33,"column":14}},"33":{"start":{"line":34,"column":0},"end":{"line":34,"column":73}},"34":{"start":{"line":35,"column":0},"end":{"line":35,"column":33}},"35":{"start":{"line":36,"column":0},"end":{"line":36,"column":63}},"36":{"start":{"line":37,"column":0},"end":{"line":37,"column":5}},"37":{"start":{"line":38,"column":0},"end":{"line":38,"column":11}},"38":{"start":{"line":39,"column":0},"end":{"line":39,"column":35}},"39":{"start":{"line":40,"column":0},"end":{"line":40,"column":69}},"40":{"start":{"line":41,"column":0},"end":{"line":41,"column":30}},"41":{"start":{"line":42,"column":0},"end":{"line":42,"column":7}},"42":{"start":{"line":43,"column":0},"end":{"line":43,"column":3}},"51":{"start":{"line":52,"column":0},"end":{"line":52,"column":17}},"52":{"start":{"line":53,"column":0},"end":{"line":53,"column":17}},"53":{"start":{"line":54,"column":0},"end":{"line":54,"column":30}},"54":{"start":{"line":55,"column":0},"end":{"line":55,"column":26}},"55":{"start":{"line":56,"column":0},"end":{"line":56,"column":64}},"56":{"start":{"line":57,"column":0},"end":{"line":57,"column":24}},"57":{"start":{"line":58,"column":0},"end":{"line":58,"column":7}},"59":{"start":{"line":60,"column":0},"end":{"line":60,"column":22}},"60":{"start":{"line":61,"column":0},"end":{"line":61,"column":59}},"61":{"start":{"line":62,"column":0},"end":{"line":62,"column":37}},"62":{"start":{"line":63,"column":0},"end":{"line":63,"column":5}},"64":{"start":{"line":65,"column":0},"end":{"line":65,"column":35}},"65":{"start":{"line":66,"column":0},"end":{"line":66,"column":70}},"66":{"start":{"line":67,"column":0},"end":{"line":67,"column":37}},"67":{"start":{"line":68,"column":0},"end":{"line":68,"column":5}},"69":{"start":{"line":70,"column":0},"end":{"line":70,"column":107}},"71":{"start":{"line":72,"column":0},"end":{"line":72,"column":76}},"72":{"start":{"line":73,"column":0},"end":{"line":73,"column":24}},"73":{"start":{"line":74,"column":0},"end":{"line":74,"column":82}},"74":{"start":{"line":75,"column":0},"end":{"line":75,"column":8}},"75":{"start":{"line":76,"column":0},"end":{"line":76,"column":37}},"76":{"start":{"line":77,"column":0},"end":{"line":77,"column":5}},"78":{"start":{"line":79,"column":0},"end":{"line":79,"column":22}},"79":{"start":{"line":80,"column":0},"end":{"line":80,"column":3}},"80":{"start":{"line":81,"column":0},"end":{"line":81,"column":1}}},"s":{"0":1,"1":1,"2":1,"3":1,"5":1,"7":1,"11":1,"19":1,"25":1,"26":1,"27":1,"28":1,"29":1,"30":5,"32":5,"33":5,"34":5,"35":5,"36":5,"37":5,"38":5,"39":5,"40":5,"41":5,"42":5,"51":5,"52":4,"53":4,"54":4,"55":4,"56":4,"57":4,"59":4,"60":1,"61":1,"62":1,"64":4,"65":1,"66":1,"67":1,"69":2,"71":4,"72":1,"73":1,"74":1,"75":1,"76":1,"78":1,"79":4,"80":5},"branchMap":{"0":{"type":"branch","line":30,"loc":{"start":{"line":30,"column":2},"end":{"line":81,"column":1}},"locations":[{"start":{"line":30,"column":2},"end":{"line":81,"column":1}}]},"1":{"type":"branch","line":33,"loc":{"start":{"line":33,"column":2},"end":{"line":43,"column":3}},"locations":[{"start":{"line":33,"column":2},"end":{"line":43,"column":3}}]},"2":{"type":"branch","line":52,"loc":{"start":{"line":52,"column":2},"end":{"line":80,"column":3}},"locations":[{"start":{"line":52,"column":2},"end":{"line":80,"column":3}}]},"3":{"type":"branch","line":60,"loc":{"start":{"line":60,"column":21},"end":{"line":63,"column":5}},"locations":[{"start":{"line":60,"column":21},"end":{"line":63,"column":5}}]},"4":{"type":"branch","line":63,"loc":{"start":{"line":63,"column":4},"end":{"line":65,"column":34}},"locations":[{"start":{"line":63,"column":4},"end":{"line":65,"column":34}}]},"5":{"type":"branch","line":65,"loc":{"start":{"line":65,"column":34},"end":{"line":68,"column":5}},"locations":[{"start":{"line":65,"column":34},"end":{"line":68,"column":5}}]},"6":{"type":"branch","line":68,"loc":{"start":{"line":68,"column":4},"end":{"line":72,"column":75}},"locations":[{"start":{"line":68,"column":4},"end":{"line":72,"column":75}}]},"7":{"type":"branch","line":72,"loc":{"start":{"line":72,"column":75},"end":{"line":79,"column":22}},"locations":[{"start":{"line":72,"column":75},"end":{"line":79,"column":22}}]}},"b":{"0":[5],"1":[5],"2":[4],"3":[1],"4":[3],"5":[1],"6":[2],"7":[1]},"fnMap":{"0":{"name":"<instance_members_initializer>","decl":{"start":{"line":30,"column":2},"end":{"line":81,"column":1}},"loc":{"start":{"line":30,"column":2},"end":{"line":81,"column":1}},"line":30},"1":{"name":"JwtRefreshStrategy","decl":{"start":{"line":33,"column":2},"end":{"line":43,"column":3}},"loc":{"start":{"line":33,"column":2},"end":{"line":43,"column":3}},"line":33},"2":{"name":"validate","decl":{"start":{"line":52,"column":2},"end":{"line":80,"column":3}},"loc":{"start":{"line":52,"column":2},"end":{"line":80,"column":3}},"line":52}},"f":{"0":5,"1":5,"2":4}}
,"/opt/source/src/modules/auth/strategies/jwt.strategy.ts": {"path":"/opt/source/src/modules/auth/strategies/jwt.strategy.ts","all":false,"statementMap":{"0":{"start":{"line":1,"column":0},"end":{"line":1,"column":52}},"1":{"start":{"line":2,"column":0},"end":{"line":2,"column":52}},"2":{"start":{"line":3,"column":0},"end":{"line":3,"column":52}},"3":{"start":{"line":4,"column":0},"end":{"line":4,"column":72}},"16":{"start":{"line":17,"column":0},"end":{"line":17,"column":13}},"17":{"start":{"line":18,"column":0},"end":{"line":18,"column":68}},"18":{"start":{"line":19,"column":0},"end":{"line":19,"column":14}},"19":{"start":{"line":20,"column":0},"end":{"line":20,"column":72}},"20":{"start":{"line":21,"column":0},"end":{"line":21,"column":5}},"21":{"start":{"line":22,"column":0},"end":{"line":22,"column":11}},"22":{"start":{"line":23,"column":0},"end":{"line":23,"column":63}},"23":{"start":{"line":24,"column":0},"end":{"line":24,"column":42}},"24":{"start":{"line":25,"column":0},"end":{"line":25,"column":47}},"25":{"start":{"line":26,"column":0},"end":{"line":26,"column":8}},"26":{"start":{"line":27,"column":0},"end":{"line":27,"column":68}},"27":{"start":{"line":28,"column":0},"end":{"line":28,"column":7}},"28":{"start":{"line":29,"column":0},"end":{"line":29,"column":3}},"31":{"start":{"line":32,"column":0},"end":{"line":32,"column":33}},"32":{"start":{"line":33,"column":0},"end":{"line":33,"column":19}},"33":{"start":{"line":34,"column":0},"end":{"line":34,"column":3}},"34":{"start":{"line":35,"column":0},"end":{"line":35,"column":1}}},"s":{"0":1,"1":1,"2":1,"3":1,"16":1,"17":1,"18":1,"19":2,"20":2,"21":2,"22":2,"23":2,"24":2,"25":2,"26":2,"27":2,"28":2,"31":1,"32":1,"33":1,"34":1},"branchMap":{"0":{"type":"branch","line":19,"loc":{"start":{"line":19,"column":2},"end":{"line":29,"column":3}},"locations":[{"start":{"line":19,"column":2},"end":{"line":29,"column":3}}]},"1":{"type":"branch","line":32,"loc":{"start":{"line":32,"column":2},"end":{"line":34,"column":3}},"locations":[{"start":{"line":32,"column":2},"end":{"line":34,"column":3}}]}},"b":{"0":[2],"1":[1]},"fnMap":{"0":{"name":"JwtStrategy","decl":{"start":{"line":19,"column":2},"end":{"line":29,"column":3}},"loc":{"start":{"line":19,"column":2},"end":{"line":29,"column":3}},"line":19},"1":{"name":"validate","decl":{"start":{"line":32,"column":2},"end":{"line":34,"column":3}},"loc":{"start":{"line":32,"column":2},"end":{"line":34,"column":3}},"line":32}},"f":{"0":2,"1":1}}
,"/opt/source/src/modules/auth/strategies/local.strategy.ts": {"path":"/opt/source/src/modules/auth/strategies/local.strategy.ts","all":false,"statementMap":{"0":{"start":{"line":1,"column":0},"end":{"line":1,"column":60}},"1":{"start":{"line":2,"column":0},"end":{"line":2,"column":52}},"2":{"start":{"line":3,"column":0},"end":{"line":3,"column":28}},"3":{"start":{"line":4,"column":0},"end":{"line":4,"column":42}},"4":{"start":{"line":5,"column":0},"end":{"line":5,"column":75}},"6":{"start":{"line":7,"column":0},"end":{"line":7,"column":88}},"11":{"start":{"line":12,"column":0},"end":{"line":12,"column":13}},"12":{"start":{"line":13,"column":0},"end":{"line":13,"column":63}},"13":{"start":{"line":14,"column":0},"end":{"line":14,"column":59}},"15":{"start":{"line":16,"column":0},"end":{"line":16,"column":14}},"16":{"start":{"line":17,"column":0},"end":{"line":17,"column":33}},"17":{"start":{"line":18,"column":0},"end":{"line":18,"column":63}},"18":{"start":{"line":19,"column":0},"end":{"line":19,"column":5}},"19":{"start":{"line":20,"column":0},"end":{"line":20,"column":11}},"23":{"start":{"line":24,"column":0},"end":{"line":24,"column":7}},"24":{"start":{"line":25,"column":0},"end":{"line":25,"column":3}},"31":{"start":{"line":32,"column":0},"end":{"line":32,"column":75}},"32":{"start":{"line":33,"column":0},"end":{"line":33,"column":77}},"36":{"start":{"line":37,"column":0},"end":{"line":37,"column":61}},"37":{"start":{"line":38,"column":0},"end":{"line":38,"column":70}},"39":{"start":{"line":40,"column":0},"end":{"line":40,"column":71}},"40":{"start":{"line":41,"column":0},"end":{"line":41,"column":42}},"41":{"start":{"line":42,"column":0},"end":{"line":42,"column":56}},"42":{"start":{"line":43,"column":0},"end":{"line":43,"column":40}},"43":{"start":{"line":44,"column":0},"end":{"line":44,"column":5}},"45":{"start":{"line":46,"column":0},"end":{"line":46,"column":22}},"46":{"start":{"line":47,"column":0},"end":{"line":47,"column":3}},"47":{"start":{"line":48,"column":0},"end":{"line":48,"column":1}}},"s":{"0":1,"1":1,"2":1,"3":1,"4":1,"6":1,"11":1,"12":1,"13":4,"15":4,"16":4,"17":4,"18":4,"19":4,"23":4,"24":4,"31":4,"32":2,"36":2,"37":2,"39":2,"40":2,"41":1,"42":1,"43":1,"45":1,"46":2,"47":4},"branchMap":{"0":{"type":"branch","line":13,"loc":{"start":{"line":13,"column":62},"end":{"line":48,"column":1}},"locations":[{"start":{"line":13,"column":62},"end":{"line":48,"column":1}}]},"1":{"type":"branch","line":16,"loc":{"start":{"line":16,"column":2},"end":{"line":25,"column":3}},"locations":[{"start":{"line":16,"column":2},"end":{"line":25,"column":3}}]},"2":{"type":"branch","line":32,"loc":{"start":{"line":32,"column":2},"end":{"line":47,"column":3}},"locations":[{"start":{"line":32,"column":2},"end":{"line":47,"column":3}}]},"3":{"type":"branch","line":38,"loc":{"start":{"line":38,"column":25},"end":{"line":38,"column":60}},"locations":[{"start":{"line":38,"column":25},"end":{"line":38,"column":60}}]},"4":{"type":"branch","line":38,"loc":{"start":{"line":38,"column":49},"end":{"line":38,"column":70}},"locations":[{"start":{"line":38,"column":49},"end":{"line":38,"column":70}}]},"5":{"type":"branch","line":41,"loc":{"start":{"line":41,"column":9},"end":{"line":41,"column":41}},"locations":[{"start":{"line":41,"column":9},"end":{"line":41,"column":41}}]},"6":{"type":"branch","line":41,"loc":{"start":{"line":41,"column":41},"end":{"line":46,"column":22}},"locations":[{"start":{"line":41,"column":41},"end":{"line":46,"column":22}}]}},"b":{"0":[4],"1":[4],"2":[2],"3":[1],"4":[1],"5":[1],"6":[1]},"fnMap":{"0":{"name":"<instance_members_initializer>","decl":{"start":{"line":13,"column":62},"end":{"line":48,"column":1}},"loc":{"start":{"line":13,"column":62},"end":{"line":48,"column":1}},"line":13},"1":{"name":"LocalStrategy","decl":{"start":{"line":16,"column":2},"end":{"line":25,"column":3}},"loc":{"start":{"line":16,"column":2},"end":{"line":25,"column":3}},"line":16},"2":{"name":"validate","decl":{"start":{"line":32,"column":2},"end":{"line":47,"column":3}},"loc":{"start":{"line":32,"column":2},"end":{"line":47,"column":3}},"line":32}},"f":{"0":4,"1":4,"2":2}}
,"/opt/source/src/modules/config/config.types.ts": {"path":"/opt/source/src/modules/config/config.types.ts","all":false,"statementMap":{"64":{"start":{"line":65,"column":0},"end":{"line":65,"column":21}},"65":{"start":{"line":66,"column":0},"end":{"line":66,"column":18}},"66":{"start":{"line":67,"column":0},"end":{"line":67,"column":22}},"67":{"start":{"line":68,"column":0},"end":{"line":68,"column":28}}},"s":{"64":1,"65":1,"66":1,"67":1},"branchMap":{"0":{"type":"branch","line":65,"loc":{"start":{"line":65,"column":7},"end":{"line":65,"column":21}},"locations":[{"start":{"line":65,"column":7},"end":{"line":65,"column":21}}]}},"b":{"0":[6]},"fnMap":{},"f":{}}
,"/opt/source/src/modules/config/services/config.service.ts": {"path":"/opt/source/src/modules/config/services/config.service.ts","all":false,"statementMap":{"0":{"start":{"line":1,"column":0},"end":{"line":1,"column":44}},"1":{"start":{"line":2,"column":0},"end":{"line":2,"column":37}},"2":{"start":{"line":3,"column":0},"end":{"line":3,"column":41}},"3":{"start":{"line":4,"column":0},"end":{"line":4,"column":28}},"4":{"start":{"line":5,"column":0},"end":{"line":5,"column":44}},"5":{"start":{"line":6,"column":0},"end":{"line":6,"column":23}},"6":{"start":{"line":7,"column":0},"end":{"line":7,"column":94}},"7":{"start":{"line":8,"column":0},"end":{"line":8,"column":62}},"48":{"start":{"line":49,"column":0},"end":{"line":49,"column":13}},"49":{"start":{"line":50,"column":0},"end":{"line":50,"column":28}},"50":{"start":{"line":51,"column":0},"end":{"line":51,"column":36}},"51":{"start":{"line":52,"column":0},"end":{"line":52,"column":34}},"53":{"start":{"line":54,"column":0},"end":{"line":54,"column":17}},"54":{"start":{"line":55,"column":0},"end":{"line":55,"column":20}},"55":{"start":{"line":56,"column":0},"end":{"line":56,"column":24}},"56":{"start":{"line":57,"column":0},"end":{"line":57,"column":45}},"58":{"start":{"line":59,"column":0},"end":{"line":59,"column":8}},"59":{"start":{"line":60,"column":0},"end":{"line":60,"column":71}},"60":{"start":{"line":61,"column":0},"end":{"line":61,"column":15}},"61":{"start":{"line":62,"column":0},"end":{"line":62,"column":16}},"62":{"start":{"line":63,"column":0},"end":{"line":63,"column":26}},"63":{"start":{"line":64,"column":0},"end":{"line":64,"column":38}},"64":{"start":{"line":65,"column":0},"end":{"line":65,"column":14}},"65":{"start":{"line":66,"column":0},"end":{"line":66,"column":12}},"66":{"start":{"line":67,"column":0},"end":{"line":67,"column":10}},"67":{"start":{"line":68,"column":0},"end":{"line":68,"column":28}},"68":{"start":{"line":69,"column":0},"end":{"line":69,"column":77}},"69":{"start":{"line":70,"column":0},"end":{"line":70,"column":15}},"70":{"start":{"line":71,"column":0},"end":{"line":71,"column":16}},"71":{"start":{"line":72,"column":0},"end":{"line":72,"column":26}},"72":{"start":{"line":73,"column":0},"end":{"line":73,"column":38}},"73":{"start":{"line":74,"column":0},"end":{"line":74,"column":14}},"74":{"start":{"line":75,"column":0},"end":{"line":75,"column":12}},"75":{"start":{"line":76,"column":0},"end":{"line":76,"column":10}},"76":{"start":{"line":77,"column":0},"end":{"line":77,"column":28}},"77":{"start":{"line":78,"column":0},"end":{"line":78,"column":6}},"79":{"start":{"line":80,"column":0},"end":{"line":80,"column":43}},"80":{"start":{"line":81,"column":0},"end":{"line":81,"column":3}},"82":{"start":{"line":83,"column":0},"end":{"line":83,"column":68}},"83":{"start":{"line":84,"column":0},"end":{"line":84,"column":31}},"84":{"start":{"line":85,"column":0},"end":{"line":85,"column":23}},"85":{"start":{"line":86,"column":0},"end":{"line":86,"column":38}},"86":{"start":{"line":87,"column":0},"end":{"line":87,"column":33}},"87":{"start":{"line":88,"column":0},"end":{"line":88,"column":43}},"88":{"start":{"line":89,"column":0},"end":{"line":89,"column":22}},"89":{"start":{"line":90,"column":0},"end":{"line":90,"column":44}},"90":{"start":{"line":91,"column":0},"end":{"line":91,"column":38}},"91":{"start":{"line":92,"column":0},"end":{"line":92,"column":38}},"92":{"start":{"line":93,"column":0},"end":{"line":93,"column":39}},"93":{"start":{"line":94,"column":0},"end":{"line":94,"column":29}},"94":{"start":{"line":95,"column":0},"end":{"line":95,"column":43}},"95":{"start":{"line":96,"column":0},"end":{"line":96,"column":49}},"96":{"start":{"line":97,"column":0},"end":{"line":97,"column":57}},"97":{"start":{"line":98,"column":0},"end":{"line":98,"column":46}},"98":{"start":{"line":99,"column":0},"end":{"line":99,"column":40}},"99":{"start":{"line":100,"column":0},"end":{"line":100,"column":41}},"100":{"start":{"line":101,"column":0},"end":{"line":101,"column":39}},"101":{"start":{"line":102,"column":0},"end":{"line":102,"column":22}},"102":{"start":{"line":103,"column":0},"end":{"line":103,"column":41}},"103":{"start":{"line":104,"column":0},"end":{"line":104,"column":20}},"104":{"start":{"line":105,"column":0},"end":{"line":105,"column":24}},"105":{"start":{"line":106,"column":0},"end":{"line":106,"column":25}},"106":{"start":{"line":107,"column":0},"end":{"line":107,"column":47}},"107":{"start":{"line":108,"column":0},"end":{"line":108,"column":48}},"108":{"start":{"line":109,"column":0},"end":{"line":109,"column":22}},"109":{"start":{"line":110,"column":0},"end":{"line":110,"column":20}},"110":{"start":{"line":111,"column":0},"end":{"line":111,"column":28}},"111":{"start":{"line":112,"column":0},"end":{"line":112,"column":42}},"112":{"start":{"line":113,"column":0},"end":{"line":113,"column":38}},"113":{"start":{"line":114,"column":0},"end":{"line":114,"column":42}},"114":{"start":{"line":115,"column":0},"end":{"line":115,"column":38}},"115":{"start":{"line":116,"column":0},"end":{"line":116,"column":38}},"116":{"start":{"line":117,"column":0},"end":{"line":117,"column":20}},"117":{"start":{"line":118,"column":0},"end":{"line":118,"column":24}},"118":{"start":{"line":119,"column":0},"end":{"line":119,"column":42}},"119":{"start":{"line":120,"column":0},"end":{"line":120,"column":20}},"120":{"start":{"line":121,"column":0},"end":{"line":121,"column":7}},"122":{"start":{"line":123,"column":0},"end":{"line":123,"column":35}},"123":{"start":{"line":124,"column":0},"end":{"line":124,"column":24}},"124":{"start":{"line":125,"column":0},"end":{"line":125,"column":18}},"125":{"start":{"line":126,"column":0},"end":{"line":126,"column":26}},"126":{"start":{"line":127,"column":0},"end":{"line":127,"column":7}},"127":{"start":{"line":128,"column":0},"end":{"line":128,"column":3}},"129":{"start":{"line":130,"column":0},"end":{"line":130,"column":47}},"130":{"start":{"line":131,"column":0},"end":{"line":131,"column":12}},"131":{"start":{"line":132,"column":0},"end":{"line":132,"column":12}},"132":{"start":{"line":133,"column":0},"end":{"line":133,"column":30}},"133":{"start":{"line":134,"column":0},"end":{"line":134,"column":25}},"134":{"start":{"line":135,"column":0},"end":{"line":135,"column":22}},"135":{"start":{"line":136,"column":0},"end":{"line":136,"column":25}},"136":{"start":{"line":137,"column":0},"end":{"line":137,"column":19}},"137":{"start":{"line":138,"column":0},"end":{"line":138,"column":45}},"138":{"start":{"line":139,"column":0},"end":{"line":139,"column":51}},"139":{"start":{"line":140,"column":0},"end":{"line":140,"column":10}},"140":{"start":{"line":141,"column":0},"end":{"line":141,"column":46}},"141":{"start":{"line":142,"column":0},"end":{"line":142,"column":19}},"142":{"start":{"line":143,"column":0},"end":{"line":143,"column":53}},"143":{"start":{"line":144,"column":0},"end":{"line":144,"column":18}},"144":{"start":{"line":145,"column":0},"end":{"line":145,"column":20}},"145":{"start":{"line":146,"column":0},"end":{"line":146,"column":44}},"146":{"start":{"line":147,"column":0},"end":{"line":147,"column":37}},"147":{"start":{"line":148,"column":0},"end":{"line":148,"column":71}},"148":{"start":{"line":149,"column":0},"end":{"line":149,"column":12}},"149":{"start":{"line":150,"column":0},"end":{"line":150,"column":26}},"150":{"start":{"line":151,"column":0},"end":{"line":151,"column":63}},"151":{"start":{"line":152,"column":0},"end":{"line":152,"column":51}},"152":{"start":{"line":153,"column":0},"end":{"line":153,"column":29}},"153":{"start":{"line":154,"column":0},"end":{"line":154,"column":40}},"154":{"start":{"line":155,"column":0},"end":{"line":155,"column":41}},"155":{"start":{"line":156,"column":0},"end":{"line":156,"column":34}},"156":{"start":{"line":157,"column":0},"end":{"line":157,"column":14}},"157":{"start":{"line":158,"column":0},"end":{"line":158,"column":12}},"158":{"start":{"line":159,"column":0},"end":{"line":159,"column":26}},"159":{"start":{"line":160,"column":0},"end":{"line":160,"column":26}},"160":{"start":{"line":161,"column":0},"end":{"line":161,"column":17}},"161":{"start":{"line":162,"column":0},"end":{"line":162,"column":18}},"162":{"start":{"line":163,"column":0},"end":{"line":163,"column":77}},"163":{"start":{"line":164,"column":0},"end":{"line":164,"column":14}},"164":{"start":{"line":165,"column":0},"end":{"line":165,"column":19}},"165":{"start":{"line":166,"column":0},"end":{"line":166,"column":26}},"166":{"start":{"line":167,"column":0},"end":{"line":167,"column":73}},"167":{"start":{"line":168,"column":0},"end":{"line":168,"column":14}},"168":{"start":{"line":169,"column":0},"end":{"line":169,"column":75}},"169":{"start":{
[...]
d":{"line":200,"column":3}}]},"4":{"type":"branch","line":202,"loc":{"start":{"line":202,"column":10},"end":{"line":218,"column":3}},"locations":[{"start":{"line":202,"column":10},"end":{"line":218,"column":3}}]},"5":{"type":"branch","line":206,"loc":{"start":{"line":206,"column":47},"end":{"line":208,"column":5}},"locations":[{"start":{"line":206,"column":47},"end":{"line":208,"column":5}}]},"6":{"type":"branch","line":208,"loc":{"start":{"line":208,"column":4},"end":{"line":213,"column":15}},"locations":[{"start":{"line":208,"column":4},"end":{"line":213,"column":15}}]},"7":{"type":"branch","line":213,"loc":{"start":{"line":213,"column":15},"end":{"line":215,"column":5}},"locations":[{"start":{"line":213,"column":15},"end":{"line":215,"column":5}}]},"8":{"type":"branch","line":215,"loc":{"start":{"line":215,"column":4},"end":{"line":217,"column":18}},"locations":[{"start":{"line":215,"column":4},"end":{"line":217,"column":18}}]},"9":{"type":"branch","line":221,"loc":{"start":{"line":221,"column":2},"end":{"line":233,"column":3}},"locations":[{"start":{"line":221,"column":2},"end":{"line":233,"column":3}}]},"10":{"type":"branch","line":225,"loc":{"start":{"line":225,"column":28},"end":{"line":230,"column":5}},"locations":[{"start":{"line":225,"column":28},"end":{"line":230,"column":5}}]},"11":{"type":"branch","line":226,"loc":{"start":{"line":226,"column":20},"end":{"line":226,"column":49}},"locations":[{"start":{"line":226,"column":20},"end":{"line":226,"column":49}}]},"12":{"type":"branch","line":226,"loc":{"start":{"line":226,"column":49},"end":{"line":228,"column":7}},"locations":[{"start":{"line":226,"column":49},"end":{"line":228,"column":7}}]},"13":{"type":"branch","line":228,"loc":{"start":{"line":228,"column":6},"end":{"line":230,"column":5}},"locations":[{"start":{"line":228,"column":6},"end":{"line":230,"column":5}}]},"14":{"type":"branch","line":230,"loc":{"start":{"line":230,"column":4},"end":{"line":232,"column":41}},"locations":[{"start":{"line":230,"column":4},"end":{"line":232,"column":41}}]}},"b":{"0":[12],"1":[12],"2":[14],"3":[36],"4":[17],"5":[1],"6":[16],"7":[1],"8":[15],"9":[15],"10":[29],"11":[28],"12":[1],"13":[28],"14":[14]},"fnMap":{"0":{"name":"<instance_members_initializer>","decl":{"start":{"line":50,"column":27},"end":{"line":234,"column":1}},"loc":{"start":{"line":50,"column":27},"end":{"line":234,"column":1}},"line":50},"1":{"name":"ConfigService","decl":{"start":{"line":54,"column":2},"end":{"line":81,"column":3}},"loc":{"start":{"line":54,"column":2},"end":{"line":81,"column":3}},"line":54},"2":{"name":"validateConfig","decl":{"start":{"line":83,"column":10},"end":{"line":128,"column":3}},"loc":{"start":{"line":83,"column":10},"end":{"line":128,"column":3}},"line":83},"3":{"name":"getBaseConfig","decl":{"start":{"line":130,"column":10},"end":{"line":200,"column":3}},"loc":{"start":{"line":130,"column":10},"end":{"line":200,"column":3}},"line":130},"4":{"name":"getConfigInstance","decl":{"start":{"line":202,"column":10},"end":{"line":218,"column":3}},"loc":{"start":{"line":202,"column":10},"end":{"line":218,"column":3}},"line":202},"5":{"name":"get","decl":{"start":{"line":221,"column":2},"end":{"line":233,"column":3}},"loc":{"start":{"line":221,"column":2},"end":{"line":233,"column":3}},"line":221}},"f":{"0":12,"1":12,"2":14,"3":36,"4":17,"5":15}}
,"/opt/source/src/modules/orm/orm.config.ts": {"path":"/opt/source/src/modules/orm/orm.config.ts","all":false,"statementMap":{"0":{"start":{"line":1,"column":0},"end":{"line":1,"column":71}},"1":{"start":{"line":2,"column":0},"end":{"line":2,"column":64}},"2":{"start":{"line":3,"column":0},"end":{"line":3,"column":40}},"3":{"start":{"line":4,"column":0},"end":{"line":4,"column":69}},"4":{"start":{"line":5,"column":0},"end":{"line":5,"column":52}},"6":{"start":{"line":7,"column":0},"end":{"line":7,"column":33}},"7":{"start":{"line":8,"column":0},"end":{"line":8,"column":42}},"9":{"start":{"line":10,"column":0},"end":{"line":10,"column":80}},"10":{"start":{"line":11,"column":0},"end":{"line":11,"column":72}},"11":{"start":{"line":12,"column":0},"end":{"line":12,"column":69}},"12":{"start":{"line":13,"column":0},"end":{"line":13,"column":73}},"14":{"start":{"line":15,"column":0},"end":{"line":15,"column":32}},"15":{"start":{"line":16,"column":0},"end":{"line":16,"column":43}},"16":{"start":{"line":17,"column":0},"end":{"line":17,"column":51}},"17":{"start":{"line":18,"column":0},"end":{"line":18,"column":49}},"18":{"start":{"line":19,"column":0},"end":{"line":19,"column":43}},"19":{"start":{"line":20,"column":0},"end":{"line":20,"column":51}},"20":{"start":{"line":21,"column":0},"end":{"line":21,"column":27}},"21":{"start":{"line":22,"column":0},"end":{"line":22,"column":68}},"22":{"start":{"line":23,"column":0},"end":{"line":23,"column":44}},"23":{"start":{"line":24,"column":0},"end":{"line":24,"column":36}},"24":{"start":{"line":25,"column":0},"end":{"line":25,"column":25}},"26":{"start":{"line":27,"column":0},"end":{"line":27,"column":27}},"27":{"start":{"line":28,"column":0},"end":{"line":28,"column":31}},"29":{"start":{"line":30,"column":0},"end":{"line":30,"column":15}},"30":{"start":{"line":31,"column":0},"end":{"line":31,"column":41}},"31":{"start":{"line":32,"column":0},"end":{"line":32,"column":28}},"32":{"start":{"line":33,"column":0},"end":{"line":33,"column":24}},"33":{"start":{"line":34,"column":0},"end":{"line":34,"column":20}},"34":{"start":{"line":35,"column":0},"end":{"line":35,"column":4}},"36":{"start":{"line":37,"column":0},"end":{"line":37,"column":11}},"37":{"start":{"line":38,"column":0},"end":{"line":38,"column":37}},"38":{"start":{"line":39,"column":0},"end":{"line":39,"column":36}},"39":{"start":{"line":40,"column":0},"end":{"line":40,"column":4}},"40":{"start":{"line":41,"column":0},"end":{"line":41,"column":3}},"42":{"start":{"line":43,"column":0},"end":{"line":43,"column":25}}},"s":{"0":1,"1":1,"2":1,"3":1,"4":1,"6":1,"7":1,"9":1,"10":1,"11":1,"12":1,"14":1,"15":1,"16":1,"17":1,"18":1,"19":1,"20":1,"21":1,"22":1,"23":1,"24":1,"26":1,"27":1,"29":1,"30":1,"31":1,"32":1,"33":1,"34":1,"36":1,"37":1,"38":1,"39":1,"40":1,"42":1},"branchMap":{},"b":{},"fnMap":{},"f":{}}
,"/opt/source/src/modules/orm/schema/entities/base.entity.ts": {"path":"/opt/source/src/modules/orm/schema/entities/base.entity.ts","all":false,"statementMap":{"0":{"start":{"line":1,"column":0},"end":{"line":1,"column":63}},"6":{"start":{"line":7,"column":0},"end":{"line":7,"column":27}},"7":{"start":{"line":8,"column":0},"end":{"line":8,"column":59}},"8":{"start":{"line":9,"column":0},"end":{"line":9,"column":65}},"9":{"start":{"line":10,"column":0},"end":{"line":10,"column":16}},"11":{"start":{"line":12,"column":0},"end":{"line":12,"column":13}},"12":{"start":{"line":13,"column":0},"end":{"line":13,"column":31}},"13":{"start":{"line":14,"column":0},"end":{"line":14,"column":36}},"14":{"start":{"line":15,"column":0},"end":{"line":15,"column":20}},"15":{"start":{"line":16,"column":0},"end":{"line":16,"column":4}},"16":{"start":{"line":17,"column":0},"end":{"line":17,"column":31}},"18":{"start":{"line":19,"column":0},"end":{"line":19,"column":13}},"19":{"start":{"line":20,"column":0},"end":{"line":20,"column":31}},"20":{"start":{"line":21,"column":0},"end":{"line":21,"column":31}},"21":{"start":{"line":22,"column":0},"end":{"line":22,"column":4}},"22":{"start":{"line":23,"column":0},"end":{"line":23,"column":31}},"23":{"start":{"line":24,"column":0},"end":{"line":24,"column":1}}},"s":{"0":1,"6":1,"7":1,"8":17,"9":17,"11":17,"12":17,"13":17,"14":17,"15":17,"16":17,"18":17,"19":17,"20":17,"21":17,"22":17,"23":17},"branchMap":{"0":{"type":"branch","line":8,"loc":{"start":{"line":8,"column":58},"end":{"line":24,"column":1}},"locations":[{"start":{"line":8,"column":58},"end":{"line":24,"column":1}}]}},"b":{"0":[17]},"fnMap":{"0":{"name":"<instance_members_initializer>","decl":{"start":{"line":8,"column":58},"end":{"line":24,"column":1}},"loc":{"start":{"line":8,"column":58},"end":{"line":24,"column":1}},"line":8},"1":{"name":"onUpdate","decl":{"start":{"line":21,"column":14},"end":{"line":21,"column":31}},"loc":{"start":{"line":21,"column":14},"end":{"line":21,"column":31}},"line":21}},"f":{"0":17,"1":0}}
,"/opt/source/src/modules/orm/schema/entities/user.entity.ts": {"path":"/opt/source/src/modules/orm/schema/entities/user.entity.ts","all":false,"statementMap":{"0":{"start":{"line":1,"column":0},"end":{"line":1,"column":79}},"1":{"start":{"line":2,"column":0},"end":{"line":2,"column":34}},"3":{"start":{"line":4,"column":0},"end":{"line":4,"column":49}},"4":{"start":{"line":5,"column":0},"end":{"line":5,"column":74}},"5":{"start":{"line":6,"column":0},"end":{"line":6,"column":46}},"7":{"start":{"line":8,"column":0},"end":{"line":8,"column":9}},"8":{"start":{"line":9,"column":0},"end":{"line":9,"column":41}},"9":{"start":{"line":10,"column":0},"end":{"line":10,"column":2}},"10":{"start":{"line":11,"column":0},"end":{"line":11,"column":44}},"11":{"start":{"line":12,"column":0},"end":{"line":12,"column":48}},"13":{"start":{"line":14,"column":0},"end":{"line":14,"column":13}},"14":{"start":{"line":15,"column":0},"end":{"line":15,"column":16}},"15":{"start":{"line":16,"column":0},"end":{"line":16,"column":20}},"16":{"start":{"line":17,"column":0},"end":{"line":17,"column":17}},"17":{"start":{"line":18,"column":0},"end":{"line":18,"column":4}},"18":{"start":{"line":19,"column":0},"end":{"line":19,"column":20}},"20":{"start":{"line":21,"column":0},"end":{"line":21,"column":13}},"21":{"start":{"line":22,"column":0},"end":{"line":22,"column":16}},"22":{"start":{"line":23,"column":0},"end":{"line":23,"column":20}},"23":{"start":{"line":24,"column":0},"end":{"line":24,"column":17}},"24":{"start":{"line":25,"column":0},"end":{"line":25,"column":4}},"25":{"start":{"line":26,"column":0},"end":{"line":26,"column":20}},"27":{"start":{"line":28,"column":0},"end":{"line":28,"column":54}},"28":{"start":{"line":29,"column":0},"end":{"line":29,"column":26}},"30":{"start":{"line":31,"column":0},"end":{"line":31,"column":45}},"31":{"start":{"line":32,"column":0},"end":{"line":32,"column":37}},"33":{"start":{"line":34,"column":0},"end":{"line":34,"column":27}},"34":{"start":{"line":35,"column":0},"end":{"line":35,"column":12}},"35":{"start":{"line":36,"column":0},"end":{"line":36,"column":22}},"36":{"start":{"line":37,"column":0},"end":{"line":37,"column":30}},"37":{"start":{"line":38,"column":0},"end":{"line":38,"column":24}},"38":{"start":{"line":39,"column":0},"end":{"line":39,"column":6}},"39":{"start":{"line":40,"column":0},"end":{"line":40,"column":3}},"41":{"start":{"line":42,"column":0},"end":{"line":42,"column":72}},"42":{"start":{"line":43,"column":0},"end":{"line":43,"column":34}},"43":{"start":{"line":44,"column":0},"end":{"line":44,"column":25}},"44":{"start":{"line":45,"column":0},"end":{"line":45,"column":19}},"45":{"start":{"line":46,"column":0},"end":{"line":46,"column":18}},"46":{"start":{"line":47,"column":0},"end":{"line":47,"column":7}},"47":{"start":{"line":48,"column":0},"end":{"line":48,"column":16}},"48":{"start":{"line":49,"column":0},"end":{"line":49,"column":3}},"49":{"start":{"line":50,"column":0},"end":{"line":50,"column":1}}},"s":{"0":1,"1":1,"3":1,"4":1,"5":1,"7":1,"8":1,"9":1,"10":1,"11":17,"13":17,"14":17,"15":17,"16":17,"17":17,"18":17,"20":17,"21":17,"22":17,"23":17,"24":17,"25":17,"27":17,"28":17,"30":17,"31":17,"33":17,"34":2,"35":2,"36":2,"37":2,"38":2,"39":2,"41":17,"42":17,"43":17,"44":17,"45":17,"46":17,"47":17,"48":17,"49":17},"branchMap":{"0":{"type":"branch","line":11,"loc":{"start":{"line":11,"column":43},"end":{"line":50,"column":1}},"locations":[{"start":{"line":11,"column":43},"end":{"line":50,"column":1}}]},"1":{"type":"branch","line":34,"loc":{"start":{"line":34,"column":9},"end":{"line":40,"column":3}},"locations":[{"start":{"line":34,"column":9},"end":{"line":40,"column":3}}]},"2":{"type":"branch","line":42,"loc":{"start":{"line":42,"column":9},"end":{"line":49,"column":3}},"locations":[{"start":{"line":42,"column":9},"end":{"line":49,"column":3}}]}},"b":{"0":[17],"1":[2],"2":[17]},"fnMap":{"0":{"name":"<instance_members_initializer>","decl":{"start":{"line":11,"column":43},"end":{"line":50,"column":1}},"loc":{"start":{"line":11,"column":43},"end":{"line":50,"column":1}},"line":11},"1":{"name":"toDto","decl":{"start":{"line":34,"column":9},"end":{"line":40,"column":3}},"loc":{"start":{"line":34,"column":9},"end":{"line":40,"column":3}},"line":34},"2":{"name":"createFixture","decl":{"start":{"line":42,"column":9},"end":{"line":49,"column":3}},"loc":{"start":{"line":42,"column":9},"end":{"line":49,"column":3}},"line":42},"3":{"name":"repository","decl":{"start":{"line":9,"column":14},"end":{"line":9,"column":41}},"loc":{"start":{"line":9,"column":14},"end":{"line":9,"column":41}},"line":9}},"f":{"0":17,"1":2,"2":17,"3":0}}
,"/opt/source/src/modules/orm/schema/enums/user-role.ts": {"path":"/opt/source/src/modules/orm/schema/enums/user-role.ts","all":false,"statementMap":{"0":{"start":{"line":1,"column":0},"end":{"line":1,"column":22}},"1":{"start":{"line":2,"column":0},"end":{"line":2,"column":18}},"2":{"start":{"line":3,"column":0},"end":{"line":3,"column":16}}},"s":{"0":1,"1":1,"2":1},"branchMap":{"0":{"type":"branch","line":1,"loc":{"start":{"line":1,"column":7},"end":{"line":1,"column":22}},"locations":[{"start":{"line":1,"column":7},"end":{"line":1,"column":22}}]}},"b":{"0":[9]},"fnMap":{},"f":{}}
,"/opt/source/src/modules/orm/schema/repositories/user.repository.ts": {"path":"/opt/source/src/modules/orm/schema/repositories/user.repository.ts","all":false,"statementMap":{"0":{"start":{"line":1,"column":0},"end":{"line":1,"column":57}},"3":{"start":{"line":4,"column":0},"end":{"line":4,"column":72}},"5":{"start":{"line":6,"column":0},"end":{"line":6,"column":1}}},"s":{"0":1,"3":1,"5":1},"branchMap":{},"b":{},"fnMap":{},"f":{}}
,"/opt/source/src/modules/user/controllers/user.controller.ts": {"path":"/opt/source/src/modules/user/controllers/user.controller.ts","all":false,"statementMap":{"0":{"start":{"line":1,"column":0},"end":{"line":1,"column":57}},"1":{"start":{"line":2,"column":0},"end":{"line":2,"column":60}},"2":{"start":{"line":3,"column":0},"end":{"line":3,"column":87}},"3":{"start":{"line":4,"column":0},"end":{"line":4,"column":139}},"4":{"start":{"line":5,"column":0},"end":{"line":5,"column":70}},"5":{"start":{"line":6,"column":0},"end":{"line":6,"column":83}},"6":{"start":{"line":7,"column":0},"end":{"line":7,"column":83}},"8":{"start":{"line":9,"column":0},"end":{"line":9,"column":63}},"9":{"start":{"line":10,"column":0},"end":{"line":10,"column":45}},"10":{"start":{"line":11,"column":0},"end":{"line":11,"column":58}},"12":{"start":{"line":13,"column":0},"end":{"line":13,"column":43}},"13":{"start":{"line":14,"column":0},"end":{"line":14,"column":24}},"14":{"start":{"line":15,"column":0},"end":{"line":15,"column":19}},"15":{"start":{"line":16,"column":0},"end":{"line":16,"column":29}},"16":{"start":{"line":17,"column":0},"end":{"line":17,"column":80}},"18":{"start":{"line":19,"column":0},"end":{"line":19,"column":17}},"19":{"start":{"line":20,"column":0},"end":{"line":20,"column":32}},"20":{"start":{"line":21,"column":0},"end":{"line":21,"column":4}},"21":{"start":{"line":22,"column":0},"end":{"line":22,"column":16}},"22":{"start":{"line":23,"column":0},"end":{"line":23,"column":50}},"23":{"start":{"line":24,"column":0},"end":{"line":24,"column":18}},"24":{"start":{"line":25,"column":0},"end":{"line":25,"column":4}},"25":{"start":{"line":26,"column":0},"end":{"line":26,"column":33}},"26":{"start":{"line":27,"column":0},"end":{"line":27,"column":17}},"27":{"start":{"line":28,"column":0},"end":{"line":28,"column":23}},"28":{"start":{"line":29,"column":0},"end":{"line":29,"column":43}},"29":{"start":{"line":30,"column":0},"end":{"line":30,"column":23}},"30":{"start":{"line":31,"column":0},"end":{"line":31,"column":61}},"31":{"start":{"line":32,"column":0},"end":{"line":32,"column":3}},"32":{"start":{"line":33,"column":0},"end":{"line":33,"column":1}}},"s":{"0":1,"1":1,"2":1,"3":1,"4":1,"5":1,"6":1,"8":1,"9":1,"10":1,"12":1,"13":1,"14":1,"15":1,"16":1,"18":1,"19":1,"20":1,"21":1,"22":1,"23":1,"24":1,"25":1,"26":1,"27":1,"28":2,"29":2,"30":2,"31":2,"32":1},"branchMap":{"0":{"type":"branch","line":17,"loc":{"start":{"line":17,"column":2},"end":{"line":17,"column":80}},"locations":[{"start":{"line":17,"column":2},"end":{"line":17,"column":80}}]},"1":{"type":"branch","line":28,"loc":{"start":{"line":28,"column":2},"end":{"line":32,"column":3}},"locations":[{"start":{"line":28,"column":2},"end":{"line":32,"column":3}}]}},"b":{"0":[3],"1":[2]},"fnMap":{"0":{"name":"UserController","decl":{"start":{"line":17,"column":2},"end":{"line":17,"column":80}},"loc":{"start":{"line":17,"column":2},"end":{"line":17,"column":80}},"line":17},"1":{"name":"getUserDetails","decl":{"start":{"line":28,"column":2},"end":{"line":32,"column":3}},"loc":{"start":{"line":28,"column":2},"end":{"line":32,"column":3}},"line":28}},"f":{"0":3,"1":2}}
,"/opt/source/src/modules/user/services/user.service.ts": {"path":"/opt/source/src/modules/user/services/user.service.ts","all":false,"statementMap":{"0":{"start":{"line":1,"column":0},"end":{"line":1,"column":60}},"1":{"start":{"line":2,"column":0},"end":{"line":2,"column":71}},"2":{"start":{"line":3,"column":0},"end":{"line":3,"column":88}},"5":{"start":{"line":6,"column":0},"end":{"line":6,"column":13}},"6":{"start":{"line":7,"column":0},"end":{"line":7,"column":26}},"7":{"start":{"line":8,"column":0},"end":{"line":8,"column":59}},"9":{"start":{"line":10,"column":0},"end":{"line":10,"column":14}},"10":{"start":{"line":11,"column":0},"end":{"line":11,"column":33}},"11":{"start":{"line":12,"column":0},"end":{"line":12,"column":63}},"12":{"start":{"line":13,"column":0},"end":{"line":13,"column":6}},"14":{"start":{"line":15,"column":0},"end":{"line":15,"column":59}},"15":{"start":{"line":16,"column":0},"end":{"line":16,"column":64}},"16":{"start":{"line":17,"column":0},"end":{"line":17,"column":11}},"17":{"start":{"line":18,"column":0},"end":{"line":18,"column":7}},"19":{"start":{"line":20,"column":0},"end":{"line":20,"column":22}},"20":{"start":{"line":21,"column":0},"end":{"line":21,"column":36}},"21":{"start":{"line":22,"column":0},"end":{"line":22,"column":5}},"23":{"start":{"line":24,"column":0},"end":{"line":24,"column":30}},"24":{"start":{"line":25,"column":0},"end":{"line":25,"column":3}},"25":{"start":{"line":26,"column":0},"end":{"line":26,"column":1}}},"s":{"0":1,"1":1,"2":1,"5":1,"6":1,"7":2,"9":2,"10":2,"11":2,"12":2,"14":2,"15":2,"16":2,"17":2,"19":2,"20":1,"21":1,"23":1,"24":2,"25":2},"branchMap":{"0":{"type":"branch","line":7,"loc":{"start":{"line":7,"column":25},"end":{"line":26,"column":1}},"locations":[{"start":{"line":7,"column":25},"end":{"line":26,"column":1}}]},"1":{"type":"branch","line":10,"loc":{"start":{"line":10,"column":2},"end":{"line":13,"column":6}},"locations":[{"start":{"line":10,"column":2},"end":{"line":13,"column":6}}]},"2":{"type":"branch","line":15,"loc":{"start":{"line":15,"column":2},"end":{"line":25,"column":3}},"locations":[{"start":{"line":15,"column":2},"end":{"line":25,"column":3}}]},"3":{"type":"branch","line":20,"loc":{"start":{"line":20,"column":21},"end":{"line":24,"column":30}},"locations":[{"start":{"line":20,"column":21},"end":{"line":24,"column":30}}]}},"b":{"0":[2],"1":[2],"2":[2],"3":[1]},"fnMap":{"0":{"name":"<instance_members_initializer>","decl":{"start":{"line":7,"column":25},"end":{"line":26,"column":1}},"loc":{"start":{"line":7,"column":25},"end":{"line":26,"column":1}},"line":7},"1":{"name":"UserService","decl":{"start":{"line":10,"column":2},"end":{"line":13,"column":6}},"loc":{"start":{"line":10,"column":2},"end":{"line":13,"column":6}},"line":10},"2":{"name":"getUserDto","decl":{"start":{"line":15,"column":2},"end":{"line":25,"column":3}},"loc":{"start":{"line":15,"column":2},"end":{"line":25,"column":3}},"line":15}},"f":{"0":2,"1":2,"2":2}}
}
